linechain.py log file for ltp_run_c


-- 1144019669 CHANNEL x --
Line model histogram:
[37932 45131 13103  3023   624   169    18]
1 spectral lines found.
Line parameter summary:
                                         MEDIAN      CI_50_LO      CI_50_HI      CI_90_LO      CI_90_HI
CHANNEL TIME       LINE PARAMETER                                                                      
x       1144019669 0    FREQ       3.447747e-03  3.360931e-03  3.662757e-03  6.534971e-04  2.192383e-01
                        AMP        3.112925e-17  1.000626e-20  3.112925e-17  1.000373e-20  6.378378e-09
                        QF         6.413274e+03  1.189922e+02  6.416597e+03  1.000010e+02  1.417266e+05

-- 1144054076 CHANNEL x --
Line model histogram:
[84377 13312  1952   319    34     6]
0 spectral lines found.

-- 1144083128 CHANNEL x --
Line model histogram:
[46007 39714 10986  2593   577   109    13     1]
0 spectral lines found.

-- 1144084767 CHANNEL x --
Line model histogram:
[84512 13144  1979   313    49     3]
0 spectral lines found.

-- 1144158495 CHANNEL x --
Line model histogram:
[66161 25606  6454  1429   294    45    11]
0 spectral lines found.

-- 1144187547 CHANNEL x --
Line model histogram:
[  291 71915 21773  4857   968   184    11     0     0     1]
1 spectral lines found.
Line parameter summary:
                                         MEDIAN      CI_50_LO      CI_50_HI      CI_90_LO      CI_90_HI
CHANNEL TIME       LINE PARAMETER                                                                      
x       1144187547 0    FREQ       3.386359e-03  3.233546e-03  3.505720e-03  3.167755e-03  3.661876e-03
                        AMP        5.850637e-15  1.000145e-20  5.850637e-15  1.002107e-20  3.824917e-12
                        QF         9.354636e+03  1.451415e+02  9.369594e+03  1.235699e+02  2.921927e+04

-- 1144200655 CHANNEL x --
Line model histogram:
[29139 51362 15208  3461   667   146    17]
1 spectral lines found.
Line parameter summary:
                                         MEDIAN      CI_50_LO      CI_50_HI      CI_90_LO      CI_90_HI
CHANNEL TIME       LINE PARAMETER                                                                      
x       1144200655 0    FREQ       3.436665e-03  3.378930e-03  3.662843e-03  3.086800e-03  3.662843e-03
                        AMP        3.479856e-15  1.000032e-20  3.479856e-15  1.000032e-20  4.136131e-07
                        QF         1.006525e+04  1.154955e+02  1.007247e+04  1.025895e+02  5.345671e+04

-- 1144238338 CHANNEL x --
Line model histogram:
[83554 13865  2226   300    45     9     1]
0 spectral lines found.

-- 1144246530 CHANNEL x --
Line model histogram:
[84213 13417  2011   301    52     6]
0 spectral lines found.

-- 1144248168 CHANNEL x --
Line model histogram:
[84232 13339  2055   317    48     9]
0 spectral lines found.

-- 1144251445 CHANNEL x --
Line model histogram:
[84503 13188  1984   281    42     2]
0 spectral lines found.

-- 1144256360 CHANNEL x --
Line model histogram:
[83929 13602  2103   304    61     1]
0 spectral lines found.

-- 1144278859 CHANNEL x --
Line model histogram:
[83518 13764  2270   347    98     0     0     3]
0 spectral lines found.

-- 1144306712 CHANNEL x --
Line model histogram:
[83954 13470  2154   345    63     6     8]
0 spectral lines found.

-- 1144332926 CHANNEL x --
Line model histogram:
[84319 13391  1975   277    30     8]
0 spectral lines found.

-- 1144450453 CHANNEL x --
Line model histogram:
[84559 13204  1871   315    48     3]
0 spectral lines found.

-- 1144457007 CHANNEL x --
Line model histogram:
[83794 13699  2061   344    60    28    14]
0 spectral lines found.

-- 1144495890 CHANNEL x --
Line model histogram:
[84159 13358  2109   320    40     8     6]
0 spectral lines found.

-- 1144606863 CHANNEL x --
Line model histogram:
[83019 14283  2286   338    68     6]
0 spectral lines found.

-- 1144019669 CHANNEL y --
Line model histogram:
[80584 15799  2946   557   105     8     1]
0 spectral lines found.

-- 1144054076 CHANNEL y --
Line model histogram:
[81016 15507  2861   506    92    13     3     1     1]
0 spectral lines found.

-- 1144083128 CHANNEL y --
Line model histogram:
[81179 15434  2755   527    98     7]
0 spectral lines found.

-- 1144084767 CHANNEL y --
Line model histogram:
[81198 15534  2637   525    93    13]
0 spectral lines found.

-- 1144158495 CHANNEL y --
Line model histogram:
[81038 15542  2878   438    83    21]
0 spectral lines found.

-- 1144187547 CHANNEL y --
Line model histogram:
[81306 15415  2720   445   102     8     4]
0 spectral lines found.

-- 1144200655 CHANNEL y --
Line model histogram:
[80716 15850  2844   468   103    18     1]
0 spectral lines found.

-- 1144238338 CHANNEL y --
Line model histogram:
[81554 15190  2733   438    74     9     2]
0 spectral lines found.

-- 1144246530 CHANNEL y --
Line model histogram:
[80783 15708  2815   545   124    25]
0 spectral lines found.

-- 1144248168 CHANNEL y --
Line model histogram:
[80987 15478  2835   559   108    19    12     2]
0 spectral lines found.

-- 1144251445 CHANNEL y --
Line model histogram:
[81048 15360  2889   560   114    27     2]
0 spectral lines found.

-- 1144256360 CHANNEL y --
Line model histogram:
[81640 15106  2717   449    80     7     1]
0 spectral lines found.

-- 1144278859 CHANNEL y --
Line model histogram:
[75993 18505  4227   984   221    54    10     6]
0 spectral lines found.

-- 1144306712 CHANNEL y --
Line model histogram:
[81010 15577  2774   533    92    11     3]
0 spectral lines found.

-- 1144332926 CHANNEL y --
Line model histogram:
[81274 15329  2767   510   112     5     2     1]
0 spectral lines found.

-- 1144450453 CHANNEL y --
Line model histogram:
[81626 15200  2695   387    76    15     1]
0 spectral lines found.

-- 1144457007 CHANNEL y --
Line model histogram:
[81437 15190  2692   544   122    13     2]
0 spectral lines found.

-- 1144495890 CHANNEL y --
Line model histogram:
[81152 15425  2782   537    88    13     3]
0 spectral lines found.

-- 1144606863 CHANNEL y --
Line model histogram:
[81329 15272  2813   458   113    12     0     3]
0 spectral lines found.

-- 1144019669 CHANNEL z --
Line model histogram:
[80605 15838  2898   525   115    19]
0 spectral lines found.

-- 1144054076 CHANNEL z --
Line model histogram:
[80856 15602  2937   506    74    22     3]
0 spectral lines found.

-- 1144083128 CHANNEL z --
Line model histogram:
[81205 15391  2782   516   101     5]
0 spectral lines found.

-- 1144084767 CHANNEL z --
Line model histogram:
[23868 50981 18813  4962  1101   205    51    17     2]
1 spectral lines found.
Line parameter summary:
                                         MEDIAN      CI_50_LO      CI_50_HI      CI_90_LO      CI_90_HI
CHANNEL TIME       LINE PARAMETER                                                                      
z       1144084767 0    FREQ       5.576479e-02  5.555518e-02  5.587860e-02  5.526659e-02  5.616589e-02
                        AMP        2.701691e-14  1.019191e-20  2.701691e-14  1.027369e-20  3.296661e-08
                        QF         4.773900e+04  1.000319e+02  4.773900e+04  1.000319e+02  3.303031e+05

-- 1144158495 CHANNEL z --
Line model histogram:
[80925 15384  2939   619   101    30     2]
0 spectral lines found.

-- 1144187547 CHANNEL z --
Line model histogram:
[80919 15713  2760   514    90     4]
0 spectral lines found.

-- 1144200655 CHANNEL z --
Line model histogram:
[81090 15425  2949   446    75    13     2]
0 spectral lines found.

-- 1144238338 CHANNEL z --
Line model histogram:
[81092 15607  2715   457   119    10]
0 spectral lines found.

-- 1144246530 CHANNEL z --
Line model histogram:
[80416 15801  3087   553   118    25]
0 spectral lines found.

-- 1144248168 CHANNEL z --
Line model histogram:
[80722 15644  3043   490    87    12     2]
0 spectral lines found.

-- 1144251445 CHANNEL z --
Line model histogram:
[80868 15539  2901   533   119    25    14     1]
0 spectral lines found.

-- 1144256360 CHANNEL z --
Line model histogram:
[80728 15547  3091   523   101    10]
0 spectral lines found.

-- 1144278859 CHANNEL z --
Line model histogram:
[80762 15434  3055   607   121    13     6     1     1]
0 spectral lines found.

-- 1144306712 CHANNEL z --
Line model histogram:
[80938 15424  3026   484   109    17     2]
0 spectral lines found.

-- 1144332926 CHANNEL z --
Line model histogram:
[81134 15306  2943   519    94     3     1]
0 spectral lines found.

-- 1144450453 CHANNEL z --
Line model histogram:
[81034 15605  2806   463    83     8     1]
0 spectral lines found.

-- 1144457007 CHANNEL z --
Line model histogram:
[80867 15478  3056   496    83    18     2]
0 spectral lines found.

-- 1144495890 CHANNEL z --
Line model histogram:
[81210 15483  2711   476   100    19     1]
0 spectral lines found.

-- 1144606863 CHANNEL z --
Line model histogram:
[80540 15804  3046   482   118     7     3]
0 spectral lines found.

-- 1144019669 CHANNEL θ --
Line model histogram:
[77594 17670  3710   786   182    42     6     8     2]
0 spectral lines found.

-- 1144054076 CHANNEL θ --
Line model histogram:
[77907 17579  3589   711   178    34     2]
0 spectral lines found.

-- 1144083128 CHANNEL θ --
Line model histogram:
[77601 17542  3824   833   160    38     2]
0 spectral lines found.

-- 1144084767 CHANNEL θ --
Line model histogram:
[77931 17472  3655   766   149    22     5]
0 spectral lines found.

-- 1144158495 CHANNEL θ --
Line model histogram:
[78109 17244  3648   746   207    33    12     1]
0 spectral lines found.

-- 1144187547 CHANNEL θ --
Line model histogram:
[77986 17599  3447   794   137    30     6     1]
0 spectral lines found.

-- 1144200655 CHANNEL θ --
Line model histogram:
[77538 17656  3772   825   180    27     2]
0 spectral lines found.

-- 1144238338 CHANNEL θ --
Line model histogram:
[77795 17574  3545   836   223    23     4]
0 spectral lines found.

-- 1144246530 CHANNEL θ --
Line model histogram:
[77769 17577  3621   796   211    22     4]
0 spectral lines found.

-- 1144248168 CHANNEL θ --
Line model histogram:
[77692 17488  3762   829   203    20     5     1]
0 spectral lines found.

-- 1144251445 CHANNEL θ --
Line model histogram:
[77328 17815  3815   815   182    39     6]
0 spectral lines found.

-- 1144256360 CHANNEL θ --
Line model histogram:
[77427 17724  3784   818   198    41     8]
0 spectral lines found.

-- 1144278859 CHANNEL θ --
Line model histogram:
[77911 17558  3571   738   170    39    12     0     0     1]
0 spectral lines found.

-- 1144306712 CHANNEL θ --
Line model histogram:
[77721 17626  3654   782   179    31     7]
0 spectral lines found.

-- 1144332926 CHANNEL θ --
Line model histogram:
[77575 17739  3659   809   183    33     2]
0 spectral lines found.

-- 1144450453 CHANNEL θ --
Line model histogram:
[78000 17450  3595   745   163    38     9]
0 spectral lines found.

-- 1144457007 CHANNEL θ --
Line model histogram:
[77471 17609  3849   842   184    34    11]
0 spectral lines found.

-- 1144495890 CHANNEL θ --
Line model histogram:
[77756 17286  3922   815   187    30     3     0     1]
0 spectral lines found.

-- 1144606863 CHANNEL θ --
Line model histogram:
[77471 17526  3874   889   205    30     5]
0 spectral lines found.

-- 1144019669 CHANNEL η --
Line model histogram:
[  208 15145 46328 24835  9325  3013   839   214    83    10]
2 spectral lines found.
Spectral line modal frequencies:
[0.00325237 0.06958186]
Line parameter summary:
                                         MEDIAN      CI_50_LO      CI_50_HI      CI_90_LO      CI_90_HI
CHANNEL TIME       LINE PARAMETER                                                                      
η       1144019669 0    FREQ       3.318468e-03  3.074640e-03  3.332741e-03  3.072601e-03  3.599895e-03
                        AMP        2.806599e-18  1.000067e-20  2.806871e-18  1.000067e-20  1.692623e-14
                        QF         3.365860e+03  1.179558e+02  3.367290e+03  1.151246e+02  2.445157e+04
                   1    FREQ       6.969780e-02  6.959714e-02  7.008627e-02  9.195675e-04  1.433002e-01
                        AMP        1.205257e-14  1.000601e-20  1.205820e-14  1.000601e-20  1.646409e-06
                        QF         4.487619e+04  1.000064e+02  4.487704e+04  1.000064e+02  1.335694e+06

-- 1144054076 CHANNEL η --
Line model histogram:
[56486 31728  9027  2169   461   103    22     3     1]
0 spectral lines found.

-- 1144083128 CHANNEL η --
Line model histogram:
[13583 59692 20126  5140  1152   260    42     5]
1 spectral lines found.
Line parameter summary:
                                         MEDIAN      CI_50_LO      CI_50_HI      CI_90_LO      CI_90_HI
CHANNEL TIME       LINE PARAMETER                                                                      
η       1144083128 0    FREQ       3.393941e-03  3.366494e-03  3.659087e-03  3.073454e-03  3.627413e-03
                        AMP        3.376061e-13  1.000364e-20  3.378782e-13  1.000364e-20  3.098903e-10
                        QF         1.099960e+04  1.131127e+02  1.100432e+04  1.000569e+02  8.558364e+04

-- 1144084767 CHANNEL η --
Line model histogram:
[30199  5598 35720 18912  6912  2110   458    66    22     3]
2 spectral lines found.
Spectral line modal frequencies:
[0.0030964 0.005185 ]
Line parameter summary:
                                         MEDIAN      CI_50_LO      CI_50_HI      CI_90_LO      CI_90_HI
CHANNEL TIME       LINE PARAMETER                                                                      
η       1144084767 0    FREQ       3.297763e-03  3.057417e-03  3.297944e-03  3.057417e-03  3.610397e-03
                        AMP        1.330055e-13  1.005638e-20  1.330055e-13  1.000742e-20  2.380621e-03
                        QF         2.537945e+04  1.180381e+02  2.537945e+04  1.178162e+02  3.782326e+05
                   1    FREQ       5.355507e-03  5.345639e-03  5.494343e-03  5.086777e-03  5.494343e-03
                        AMP        2.977849e-18  1.001312e-20  2.977913e-18  1.002233e-20  1.130090e-15
                        QF         8.677203e+02  1.739007e+02  8.911221e+02  1.286846e+02  3.277443e+03

-- 1144158495 CHANNEL η --
Line model histogram:
[70379 13708  9883  4184  1387   368    75    12     4]
0 spectral lines found.

-- 1144187547 CHANNEL η --
Line model histogram:
[ 1423 20613 46352 22064  7105  1882   462    77    16     6]
2 spectral lines found.
Spectral line modal frequencies:
[0.00330875 0.06980055]
Line parameter summary:
                                         MEDIAN      CI_50_LO      CI_50_HI      CI_90_LO      CI_90_HI
CHANNEL TIME       LINE PARAMETER                                                                      
η       1144187547 0    FREQ       3.369307e-03  3.103876e-03  3.381403e-03  3.102908e-03  3.662766e-03
                        AMP        3.111801e-13  1.001278e-20  3.115271e-13  1.002055e-20  2.660031e-09
                        QF         1.223186e+04  1.118132e+02  1.223542e+04  1.118814e+02  7.505574e+04
                   1    FREQ       6.979094e-02  6.959877e-02  6.984786e-02  6.942702e-02  7.020477e-02
                        AMP        2.589082e-13  1.017982e-20  2.589082e-13  1.017982e-20  1.480673e-03
                        QF         8.348518e+04  1.006970e+02  8.351151e+04  1.001666e+02  8.555094e+05

-- 1144200655 CHANNEL η --
Line model histogram:
[ 2037 52612 30247 10846  3178   842   174    53     8     3]
1 spectral lines found.
Line parameter summary:
                                         MEDIAN      CI_50_LO      CI_50_HI      CI_90_LO      CI_90_HI
CHANNEL TIME       LINE PARAMETER                                                                      
η       1144200655 0    FREQ       3.432247e-03  3.408316e-03  3.662587e-03  3.144614e-03  3.662852e-03
                        AMP        3.863971e-18  1.000761e-20  3.866444e-18  1.000761e-20  1.451046e-11
                        QF         3.095860e+03  1.000116e+02  3.095901e+03  1.001886e+02  2.286511e+04

-- 1144238338 CHANNEL η --
Line model histogram:
[79838 16263  3158   582   133    26]
0 spectral lines found.

-- 1144246530 CHANNEL η --
Line model histogram:
[82789 14247  2500   383    65    14     2]
0 spectral lines found.

-- 1144248168 CHANNEL η --
Line model histogram:
[75574 19204  4180   817   198    24     2     1]
0 spectral lines found.

-- 1144251445 CHANNEL η --
Line model histogram:
[  127 68318 23682  6099  1442   272    51     7     2]
1 spectral lines found.
Line parameter summary:
                                         MEDIAN      CI_50_LO      CI_50_HI      CI_90_LO      CI_90_HI
CHANNEL TIME       LINE PARAMETER                                                                      
η       1144251445 0    FREQ       2.759928e-03  2.700521e-03  2.987797e-03  2.495489e-03  3.019823e-03
                        AMP        3.486755e-14  1.000604e-20  3.487480e-14  1.000051e-20  1.324303e-09
                        QF         8.904061e+03  1.000490e+02  8.904245e+03  1.000846e+02  3.682138e+04

-- 1144256360 CHANNEL η --
Line model histogram:
[62895 27397  7690  1573   349    78    14     3     1]
0 spectral lines found.

-- 1144278859 CHANNEL η --
Line model histogram:
[82143 14934  2405   415    77    23     3]
0 spectral lines found.

-- 1144306712 CHANNEL η --
Line model histogram:
[77400 17829  3796   768   181    24     2]
0 spectral lines found.

-- 1144332926 CHANNEL η --
Line model histogram:
[81913 14888  2562   535    85    12     1     2     2]
0 spectral lines found.

-- 1144450453 CHANNEL η --
Line model histogram:
[71309 21862  5335  1174   265    52     3]
0 spectral lines found.

-- 1144457007 CHANNEL η --
Line model histogram:
[ 4740 65338 22473  5772  1310   299    56    12]
1 spectral lines found.
Line parameter summary:
                                         MEDIAN      CI_50_LO      CI_50_HI      CI_90_LO      CI_90_HI
CHANNEL TIME       LINE PARAMETER                                                                      
η       1144457007 0    FREQ       2.744015e-03  2.456247e-03  2.745080e-03  2.457049e-03  2.990222e-03
                        AMP        4.627664e-15  1.000179e-20  4.627664e-15  1.000826e-20  9.520283e-11
                        QF         6.367733e+03  1.008811e+02  6.368572e+03  1.000124e+02  6.583325e+04

-- 1144495890 CHANNEL η --
Line model histogram:
[  354 61817 26598  8363  2226   486   111    42     3]
1 spectral lines found.
Line parameter summary:
                                         MEDIAN      CI_50_LO      CI_50_HI      CI_90_LO       CI_90_HI
CHANNEL TIME       LINE PARAMETER                                                                       
η       1144495890 0    FREQ       6.971027e-02  6.959692e-02  6.978668e-02  6.946458e-02       0.070118
                        AMP        8.450192e-15  1.000083e-20  8.450192e-15  1.000083e-20       0.000562
                        QF         5.232367e+04  1.000192e+02  5.232367e+04  1.000192e+02  598493.200000

-- 1144606863 CHANNEL η --
Line model histogram:
[68478 23872  6079  1235   266    63     7]
0 spectral lines found.

-- 1144019669 CHANNEL ϕ --
Line model histogram:
[82017 15045  2437   418    80     3]
0 spectral lines found.

-- 1144054076 CHANNEL ϕ --
Line model histogram:
[82234 14816  2462   416    67     5]
0 spectral lines found.

-- 1144083128 CHANNEL ϕ --
Line model histogram:
[81183 15612  2599   517    77    12]
0 spectral lines found.

-- 1144084767 CHANNEL ϕ --
Line model histogram:
[82506 14788  2183   415   102     6]
0 spectral lines found.

-- 1144158495 CHANNEL ϕ --
Line model histogram:
[51776 34649 10448  2558   487    71    10     1]
0 spectral lines found.

-- 1144187547 CHANNEL ϕ --
Line model histogram:
[81996 14995  2552   377    70    10]
0 spectral lines found.

-- 1144200655 CHANNEL ϕ --
Line model histogram:
[81669 15160  2566   501    92     6     6]
0 spectral lines found.

-- 1144238338 CHANNEL ϕ --
Line model histogram:
[82067 14945  2474   435    72     7]
0 spectral lines found.

-- 1144246530 CHANNEL ϕ --
Line model histogram:
[80746 15701  2940   523    85     5]
0 spectral lines found.

-- 1144248168 CHANNEL ϕ --
Line model histogram:
[81851 14950  2681   427    78    10     3]
0 spectral lines found.

-- 1144251445 CHANNEL ϕ --
Line model histogram:
[81383 15417  2678   452    62     8]
0 spectral lines found.

-- 1144256360 CHANNEL ϕ --
Line model histogram:
[81544 15304  2577   467    89    19]
0 spectral lines found.

-- 1144278859 CHANNEL ϕ --
Line model histogram:
[81824 15025  2644   425    75     7]
0 spectral lines found.

-- 1144306712 CHANNEL ϕ --
Line model histogram:
[81524 15217  2649   524    68    18]
0 spectral lines found.

-- 1144332926 CHANNEL ϕ --
Line model histogram:
[78766 16977  3393   698   146    19     1]
0 spectral lines found.

-- 1144450453 CHANNEL ϕ --
Line model histogram:
[81924 14959  2532   475    94    11     2     2     1]
0 spectral lines found.

-- 1144457007 CHANNEL ϕ --
Line model histogram:
[80975 15750  2696   460   100    17     1     1]
0 spectral lines found.

-- 1144495890 CHANNEL ϕ --
Line model histogram:
[81819 14906  2602   541   103    14    10     3     1     1]
0 spectral lines found.

-- 1144606863 CHANNEL ϕ --
Line model histogram:
[82340 14788  2374   408    71    18     1]
0 spectral lines found.
All line counts:
                            0        1        2        3       4       5      6      7     8     9
CHANNEL TIME                                                                                      
x       1.144020e+09  37932.0  45131.0  13103.0   3023.0   624.0   169.0   18.0    NaN   NaN   NaN
        1.144054e+09  84377.0  13312.0   1952.0    319.0    34.0     6.0    NaN    NaN   NaN   NaN
        1.144083e+09  46007.0  39714.0  10986.0   2593.0   577.0   109.0   13.0    1.0   NaN   NaN
        1.144085e+09  84512.0  13144.0   1979.0    313.0    49.0     3.0    NaN    NaN   NaN   NaN
        1.144112e+09      NaN      NaN      NaN      NaN     NaN     NaN    NaN    NaN   NaN   NaN
        1.144139e+09      NaN      NaN      NaN      NaN     NaN     NaN    NaN    NaN   NaN   NaN
        1.144158e+09  66161.0  25606.0   6454.0   1429.0   294.0    45.0   11.0    NaN   NaN   NaN
        1.144188e+09    291.0  71915.0  21773.0   4857.0   968.0   184.0   11.0    0.0   0.0   1.0
        1.144201e+09  29139.0  51362.0  15208.0   3461.0   667.0   146.0   17.0    NaN   NaN   NaN
        1.144238e+09  83554.0  13865.0   2226.0    300.0    45.0     9.0    1.0    NaN   NaN   NaN
        1.144247e+09  84213.0  13417.0   2011.0    301.0    52.0     6.0    NaN    NaN   NaN   NaN
        1.144248e+09  84232.0  13339.0   2055.0    317.0    48.0     9.0    NaN    NaN   NaN   NaN
        1.144251e+09  84503.0  13188.0   1984.0    281.0    42.0     2.0    NaN    NaN   NaN   NaN
        1.144256e+09  83929.0  13602.0   2103.0    304.0    61.0     1.0    NaN    NaN   NaN   NaN
        1.144279e+09  83518.0  13764.0   2270.0    347.0    98.0     0.0    0.0    3.0   NaN   NaN
        1.144307e+09  83954.0  13470.0   2154.0    345.0    63.0     6.0    8.0    NaN   NaN   NaN
        1.144333e+09  84319.0  13391.0   1975.0    277.0    30.0     8.0    NaN    NaN   NaN   NaN
        1.144360e+09      NaN      NaN      NaN      NaN     NaN     NaN    NaN    NaN   NaN   NaN
        1.144387e+09      NaN      NaN      NaN      NaN     NaN     NaN    NaN    NaN   NaN   NaN
        1.144414e+09      NaN      NaN      NaN      NaN     NaN     NaN    NaN    NaN   NaN   NaN
        1.144441e+09      NaN      NaN      NaN      NaN     NaN     NaN    NaN    NaN   NaN   NaN
        1.144450e+09  84559.0  13204.0   1871.0    315.0    48.0     3.0    NaN    NaN   NaN   NaN
        1.144457e+09  83794.0  13699.0   2061.0    344.0    60.0    28.0   14.0    NaN   NaN   NaN
        1.144496e+09  84159.0  13358.0   2109.0    320.0    40.0     8.0    6.0    NaN   NaN   NaN
        1.144523e+09      NaN      NaN      NaN      NaN     NaN     NaN    NaN    NaN   NaN   NaN
        1.144550e+09      NaN      NaN      NaN      NaN     NaN     NaN    NaN    NaN   NaN   NaN
        1.144577e+09      NaN      NaN      NaN      NaN     NaN     NaN    NaN    NaN   NaN   NaN
        1.144604e+09      NaN      NaN      NaN      NaN     NaN     NaN    NaN    NaN   NaN   NaN
        1.144607e+09  83019.0  14283.0   2286.0    338.0    68.0     6.0    NaN    NaN   NaN   NaN
y       1.144020e+09  80584.0  15799.0   2946.0    557.0   105.0     8.0    1.0    NaN   NaN   NaN
        1.144054e+09  81016.0  15507.0   2861.0    506.0    92.0    13.0    3.0    1.0   1.0   NaN
        1.144083e+09  81179.0  15434.0   2755.0    527.0    98.0     7.0    NaN    NaN   NaN   NaN
        1.144085e+09  81198.0  15534.0   2637.0    525.0    93.0    13.0    NaN    NaN   NaN   NaN
        1.144112e+09      NaN      NaN      NaN      NaN     NaN     NaN    NaN    NaN   NaN   NaN
        1.144139e+09      NaN      NaN      NaN      NaN     NaN     NaN    NaN    NaN   NaN   NaN
        1.144158e+09  81038.0  15542.0   2878.0    438.0    83.0    21.0    NaN    NaN   NaN   NaN
        1.144188e+09  81306.0  15415.0   2720.0    445.0   102.0     8.0    4.0    NaN   NaN   NaN
        1.144201e+09  80716.0  15850.0   2844.0    468.0   103.0    18.0    1.0    NaN   NaN   NaN
        1.144238e+09  81554.0  15190.0   2733.0    438.0    74.0     9.0    2.0    NaN   NaN   NaN
        1.144247e+09  80783.0  15708.0   2815.0    545.0   124.0    25.0    NaN    NaN   NaN   NaN
        1.144248e+09  80987.0  15478.0   2835.0    559.0   108.0    19.0   12.0    2.0   NaN   NaN
        1.144251e+09  81048.0  15360.0   2889.0    560.0   114.0    27.0    2.0    NaN   NaN   NaN
        1.144256e+09  81640.0  15106.0   2717.0    449.0    80.0     7.0    1.0    NaN   NaN   NaN
        1.144279e+09  75993.0  18505.0   4227.0    984.0   221.0    54.0   10.0    6.0   NaN   NaN
        1.144307e+09  81010.0  15577.0   2774.0    533.0    92.0    11.0    3.0    NaN   NaN   NaN
        1.144333e+09  81274.0  15329.0   2767.0    510.0   112.0     5.0    2.0    1.0   NaN   NaN
        1.144360e+09      NaN      NaN      NaN      NaN     NaN     NaN    NaN    NaN   NaN   NaN
        1.144387e+09      NaN      NaN      NaN      NaN     NaN     NaN    NaN    NaN   NaN   NaN
        1.144414e+09      NaN      NaN      NaN      NaN     NaN     NaN    NaN    NaN   NaN   NaN
        1.144441e+09      NaN      NaN      NaN      NaN     NaN     NaN    NaN    NaN   NaN   NaN
        1.144450e+09  81626.0  15200.0   2695.0    387.0    76.0    15.0    1.0    NaN   NaN   NaN
        1.144457e+09  81437.0  15190.0   2692.0    544.0   122.0    13.0    2.0    NaN   NaN   NaN
        1.144496e+09  81152.0  15425.0   2782.0    537.0    88.0    13.0    3.0    NaN   NaN   NaN
        1.144523e+09      NaN      NaN      NaN      NaN     NaN     NaN    NaN    NaN   NaN   NaN
        1.144550e+09      NaN      NaN      NaN      NaN     NaN     NaN    NaN    NaN   NaN   NaN
        1.144577e+09      NaN      NaN      NaN      NaN     NaN     NaN    NaN    NaN   NaN   NaN
        1.144604e+09      NaN      NaN      NaN      NaN     NaN     NaN    NaN    NaN   NaN   NaN
        1.144607e+09  81329.0  15272.0   2813.0    458.0   113.0    12.0    0.0    3.0   NaN   NaN
z       1.144020e+09  80605.0  15838.0   2898.0    525.0   115.0    19.0    NaN    NaN   NaN   NaN
        1.144054e+09  80856.0  15602.0   2937.0    506.0    74.0    22.0    3.0    NaN   NaN   NaN
        1.144083e+09  81205.0  15391.0   2782.0    516.0   101.0     5.0    NaN    NaN   NaN   NaN
        1.144085e+09  23868.0  50981.0  18813.0   4962.0  1101.0   205.0   51.0   17.0   2.0   NaN
        1.144112e+09      NaN      NaN      NaN      NaN     NaN     NaN    NaN    NaN   NaN   NaN
        1.144139e+09      NaN      NaN      NaN      NaN     NaN     NaN    NaN    NaN   NaN   NaN
        1.144158e+09  80925.0  15384.0   2939.0    619.0   101.0    30.0    2.0    NaN   NaN   NaN
        1.144188e+09  80919.0  15713.0   2760.0    514.0    90.0     4.0    NaN    NaN   NaN   NaN
        1.144201e+09  81090.0  15425.0   2949.0    446.0    75.0    13.0    2.0    NaN   NaN   NaN
        1.144238e+09  81092.0  15607.0   2715.0    457.0   119.0    10.0    NaN    NaN   NaN   NaN
        1.144247e+09  80416.0  15801.0   3087.0    553.0   118.0    25.0    NaN    NaN   NaN   NaN
        1.144248e+09  80722.0  15644.0   3043.0    490.0    87.0    12.0    2.0    NaN   NaN   NaN
        1.144251e+09  80868.0  15539.0   2901.0    533.0   119.0    25.0   14.0    1.0   NaN   NaN
        1.144256e+09  80728.0  15547.0   3091.0    523.0   101.0    10.0    NaN    NaN   NaN   NaN
        1.144279e+09  80762.0  15434.0   3055.0    607.0   121.0    13.0    6.0    1.0   1.0   NaN
        1.144307e+09  80938.0  15424.0   3026.0    484.0   109.0    17.0    2.0    NaN   NaN   NaN
        1.144333e+09  81134.0  15306.0   2943.0    519.0    94.0     3.0    1.0    NaN   NaN   NaN
        1.144360e+09      NaN      NaN      NaN      NaN     NaN     NaN    NaN    NaN   NaN   NaN
        1.144387e+09      NaN      NaN      NaN      NaN     NaN     NaN    NaN    NaN   NaN   NaN
        1.144414e+09      NaN      NaN      NaN      NaN     NaN     NaN    NaN    NaN   NaN   NaN
        1.144441e+09      NaN      NaN      NaN      NaN     NaN     NaN    NaN    NaN   NaN   NaN
        1.144450e+09  81034.0  15605.0   2806.0    463.0    83.0     8.0    1.0    NaN   NaN   NaN
        1.144457e+09  80867.0  15478.0   3056.0    496.0    83.0    18.0    2.0    NaN   NaN   NaN
        1.144496e+09  81210.0  15483.0   2711.0    476.0   100.0    19.0    1.0    NaN   NaN   NaN
        1.144523e+09      NaN      NaN      NaN      NaN     NaN     NaN    NaN    NaN   NaN   NaN
        1.144550e+09      NaN      NaN      NaN      NaN     NaN     NaN    NaN    NaN   NaN   NaN
        1.144577e+09      NaN      NaN      NaN      NaN     NaN     NaN    NaN    NaN   NaN   NaN
        1.144604e+09      NaN      NaN      NaN      NaN     NaN     NaN    NaN    NaN   NaN   NaN
        1.144607e+09  80540.0  15804.0   3046.0    482.0   118.0     7.0    3.0    NaN   NaN   NaN
η       1.144020e+09    208.0  15145.0  46328.0  24835.0  9325.0  3013.0  839.0  214.0  83.0  10.0
        1.144054e+09  56486.0  31728.0   9027.0   2169.0   461.0   103.0   22.0    3.0   1.0   NaN
        1.144083e+09  13583.0  59692.0  20126.0   5140.0  1152.0   260.0   42.0    5.0   NaN   NaN
        1.144085e+09  30199.0   5598.0  35720.0  18912.0  6912.0  2110.0  458.0   66.0  22.0   3.0
        1.144112e+09      NaN      NaN      NaN      NaN     NaN     NaN    NaN    NaN   NaN   NaN
        1.144139e+09      NaN      NaN      NaN      NaN     NaN     NaN    NaN    NaN   NaN   NaN
        1.144158e+09  70379.0  13708.0   9883.0   4184.0  1387.0   368.0   75.0   12.0   4.0   NaN
        1.144188e+09   1423.0  20613.0  46352.0  22064.0  7105.0  1882.0  462.0   77.0  16.0   6.0
        1.144201e+09   2037.0  52612.0  30247.0  10846.0  3178.0   842.0  174.0   53.0   8.0   3.0
        1.144238e+09  79838.0  16263.0   3158.0    582.0   133.0    26.0    NaN    NaN   NaN   NaN
        1.144247e+09  82789.0  14247.0   2500.0    383.0    65.0    14.0    2.0    NaN   NaN   NaN
        1.144248e+09  75574.0  19204.0   4180.0    817.0   198.0    24.0    2.0    1.0   NaN   NaN
        1.144251e+09    127.0  68318.0  23682.0   6099.0  1442.0   272.0   51.0    7.0   2.0   NaN
        1.144256e+09  62895.0  27397.0   7690.0   1573.0   349.0    78.0   14.0    3.0   1.0   NaN
        1.144279e+09  82143.0  14934.0   2405.0    415.0    77.0    23.0    3.0    NaN   NaN   NaN
        1.144307e+09  77400.0  17829.0   3796.0    768.0   181.0    24.0    2.0    NaN   NaN   NaN
        1.144333e+09  81913.0  14888.0   2562.0    535.0    85.0    12.0    1.0    2.0   2.0   NaN
        1.144360e+09      NaN      NaN      NaN      NaN     NaN     NaN    NaN    NaN   NaN   NaN
        1.144387e+09      NaN      NaN      NaN      NaN     NaN     NaN    NaN    NaN   NaN   NaN
        1.144414e+09      NaN      NaN      NaN      NaN     NaN     NaN    NaN    NaN   NaN   NaN
        1.144441e+09      NaN      NaN      NaN      NaN     NaN     NaN    NaN    NaN   NaN   NaN
        1.144450e+09  71309.0  21862.0   5335.0   1174.0   265.0    52.0    3.0    NaN   NaN   NaN
        1.144457e+09   4740.0  65338.0  22473.0   5772.0  1310.0   299.0   56.0   12.0   NaN   NaN
        1.144496e+09    354.0  61817.0  26598.0   8363.0  2226.0   486.0  111.0   42.0   3.0   NaN
        1.144523e+09      NaN      NaN      NaN      NaN     NaN     NaN    NaN    NaN   NaN   NaN
        1.144550e+09      NaN      NaN      NaN      NaN     NaN     NaN    NaN    NaN   NaN   NaN
        1.144577e+09      NaN      NaN      NaN      NaN     NaN     NaN    NaN    NaN   NaN   NaN
        1.144604e+09      NaN      NaN      NaN      NaN     NaN     NaN    NaN    NaN   NaN   NaN
        1.144607e+09  68478.0  23872.0   6079.0   1235.0   266.0    63.0    7.0    NaN   NaN   NaN
θ       1.144020e+09  77594.0  17670.0   3710.0    786.0   182.0    42.0    6.0    8.0   2.0   NaN
        1.144054e+09  77907.0  17579.0   3589.0    711.0   178.0    34.0    2.0    NaN   NaN   NaN
        1.144083e+09  77601.0  17542.0   3824.0    833.0   160.0    38.0    2.0    NaN   NaN   NaN
        1.144085e+09  77931.0  17472.0   3655.0    766.0   149.0    22.0    5.0    NaN   NaN   NaN
        1.144112e+09      NaN      NaN      NaN      NaN     NaN     NaN    NaN    NaN   NaN   NaN
        1.144139e+09      NaN      NaN      NaN      NaN     NaN     NaN    NaN    NaN   NaN   NaN
        1.144158e+09  78109.0  17244.0   3648.0    746.0   207.0    33.0   12.0    1.0   NaN   NaN
        1.144188e+09  77986.0  17599.0   3447.0    794.0   137.0    30.0    6.0    1.0   NaN   NaN
        1.144201e+09  77538.0  17656.0   3772.0    825.0   180.0    27.0    2.0    NaN   NaN   NaN
        1.144238e+09  77795.0  17574.0   3545.0    836.0   223.0    23.0    4.0    NaN   NaN   NaN
        1.144247e+09  77769.0  17577.0   3621.0    796.0   211.0    22.0    4.0    NaN   NaN   NaN
        1.144248e+09  77692.0  17488.0   3762.0    829.0   203.0    20.0    5.0    1.0   NaN   NaN
        1.144251e+09  77328.0  17815.0   3815.0    815.0   182.0    39.0    6.0    NaN   NaN   NaN
        1.144256e+09  77427.0  17724.0   3784.0    818.0   198.0    41.0    8.0    NaN   NaN   NaN
        1.144279e+09  77911.0  17558.0   3571.0    738.0   170.0    39.0   12.0    0.0   0.0   1.0
        1.144307e+09  77721.0  17626.0   3654.0    782.0   179.0    31.0    7.0    NaN   NaN   NaN
        1.144333e+09  77575.0  17739.0   3659.0    809.0   183.0    33.0    2.0    NaN   NaN   NaN
        1.144360e+09      NaN      NaN      NaN      NaN     NaN     NaN    NaN    NaN   NaN   NaN
        1.144387e+09      NaN      NaN      NaN      NaN     NaN     NaN    NaN    NaN   NaN   NaN
        1.144414e+09      NaN      NaN      NaN      NaN     NaN     NaN    NaN    NaN   NaN   NaN
        1.144441e+09      NaN      NaN      NaN      NaN     NaN     NaN    NaN    NaN   NaN   NaN
        1.144450e+09  78000.0  17450.0   3595.0    745.0   163.0    38.0    9.0    NaN   NaN   NaN
        1.144457e+09  77471.0  17609.0   3849.0    842.0   184.0    34.0   11.0    NaN   NaN   NaN
        1.144496e+09  77756.0  17286.0   3922.0    815.0   187.0    30.0    3.0    0.0   1.0   NaN
        1.144523e+09      NaN      NaN      NaN      NaN     NaN     NaN    NaN    NaN   NaN   NaN
        1.144550e+09      NaN      NaN      NaN      NaN     NaN     NaN    NaN    NaN   NaN   NaN
        1.144577e+09      NaN      NaN      NaN      NaN     NaN     NaN    NaN    NaN   NaN   NaN
        1.144604e+09      NaN      NaN      NaN      NaN     NaN     NaN    NaN    NaN   NaN   NaN
        1.144607e+09  77471.0  17526.0   3874.0    889.0   205.0    30.0    5.0    NaN   NaN   NaN
ϕ       1.144020e+09  82017.0  15045.0   2437.0    418.0    80.0     3.0    NaN    NaN   NaN   NaN
        1.144054e+09  82234.0  14816.0   2462.0    416.0    67.0     5.0    NaN    NaN   NaN   NaN
        1.144083e+09  81183.0  15612.0   2599.0    517.0    77.0    12.0    NaN    NaN   NaN   NaN
        1.144085e+09  82506.0  14788.0   2183.0    415.0   102.0     6.0    NaN    NaN   NaN   NaN
        1.144112e+09      NaN      NaN      NaN      NaN     NaN     NaN    NaN    NaN   NaN   NaN
        1.144139e+09      NaN      NaN      NaN      NaN     NaN     NaN    NaN    NaN   NaN   NaN
        1.144158e+09  51776.0  34649.0  10448.0   2558.0   487.0    71.0   10.0    1.0   NaN   NaN
        1.144188e+09  81996.0  14995.0   2552.0    377.0    70.0    10.0    NaN    NaN   NaN   NaN
        1.144201e+09  81669.0  15160.0   2566.0    501.0    92.0     6.0    6.0    NaN   NaN   NaN
        1.144238e+09  82067.0  14945.0   2474.0    435.0    72.0     7.0    NaN    NaN   NaN   NaN
        1.144247e+09  80746.0  15701.0   2940.0    523.0    85.0     5.0    NaN    NaN   NaN   NaN
        1.144248e+09  81851.0  14950.0   2681.0    427.0    78.0    10.0    3.0    NaN   NaN   NaN
        1.144251e+09  81383.0  15417.0   2678.0    452.0    62.0     8.0    NaN    NaN   NaN   NaN
        1.144256e+09  81544.0  15304.0   2577.0    467.0    89.0    19.0    NaN    NaN   NaN   NaN
        1.144279e+09  81824.0  15025.0   2644.0    425.0    75.0     7.0    NaN    NaN   NaN   NaN
        1.144307e+09  81524.0  15217.0   2649.0    524.0    68.0    18.0    NaN    NaN   NaN   NaN
        1.144333e+09  78766.0  16977.0   3393.0    698.0   146.0    19.0    1.0    NaN   NaN   NaN
        1.144360e+09      NaN      NaN      NaN      NaN     NaN     NaN    NaN    NaN   NaN   NaN
        1.144387e+09      NaN      NaN      NaN      NaN     NaN     NaN    NaN    NaN   NaN   NaN
        1.144414e+09      NaN      NaN      NaN      NaN     NaN     NaN    NaN    NaN   NaN   NaN
        1.144441e+09      NaN      NaN      NaN      NaN     NaN     NaN    NaN    NaN   NaN   NaN
        1.144450e+09  81924.0  14959.0   2532.0    475.0    94.0    11.0    2.0    2.0   1.0   NaN
        1.144457e+09  80975.0  15750.0   2696.0    460.0   100.0    17.0    1.0    1.0   NaN   NaN
        1.144496e+09  81819.0  14906.0   2602.0    541.0   103.0    14.0   10.0    3.0   1.0   1.0
        1.144523e+09      NaN      NaN      NaN      NaN     NaN     NaN    NaN    NaN   NaN   NaN
        1.144550e+09      NaN      NaN      NaN      NaN     NaN     NaN    NaN    NaN   NaN   NaN
        1.144577e+09      NaN      NaN      NaN      NaN     NaN     NaN    NaN    NaN   NaN   NaN
        1.144604e+09      NaN      NaN      NaN      NaN     NaN     NaN    NaN    NaN   NaN   NaN
        1.144607e+09  82340.0  14788.0   2374.0    408.0    71.0    18.0    1.0    NaN   NaN   NaN
All summaries:
                                         MEDIAN      CI_50_LO      CI_50_HI      CI_90_LO      CI_90_HI
CHANNEL TIME       LINE PARAMETER                                                                      
x       1144019669 0    FREQ       3.447747e-03  3.360931e-03  3.662757e-03  6.534971e-04  2.192383e-01
                        AMP        3.112925e-17  1.000626e-20  3.112925e-17  1.000373e-20  6.378378e-09
                        QF         6.413274e+03  1.189922e+02  6.416597e+03  1.000010e+02  1.417266e+05
        1144187547 0    FREQ       3.386359e-03  3.233546e-03  3.505720e-03  3.167755e-03  3.661876e-03
                        AMP        5.850637e-15  1.000145e-20  5.850637e-15  1.002107e-20  3.824917e-12
                        QF         9.354636e+03  1.451415e+02  9.369594e+03  1.235699e+02  2.921927e+04
        1144200655 0    FREQ       3.436665e-03  3.378930e-03  3.662843e-03  3.086800e-03  3.662843e-03
                        AMP        3.479856e-15  1.000032e-20  3.479856e-15  1.000032e-20  4.136131e-07
                        QF         1.006525e+04  1.154955e+02  1.007247e+04  1.025895e+02  5.345671e+04
z       1144084767 0    FREQ       5.576479e-02  5.555518e-02  5.587860e-02  5.526659e-02  5.616589e-02
                        AMP        2.701691e-14  1.019191e-20  2.701691e-14  1.027369e-20  3.296661e-08
                        QF         4.773900e+04  1.000319e+02  4.773900e+04  1.000319e+02  3.303031e+05
η       1144019669 0    FREQ       3.318468e-03  3.074640e-03  3.332741e-03  3.072601e-03  3.599895e-03
                        AMP        2.806599e-18  1.000067e-20  2.806871e-18  1.000067e-20  1.692623e-14
                        QF         3.365860e+03  1.179558e+02  3.367290e+03  1.151246e+02  2.445157e+04
                   1    FREQ       6.969780e-02  6.959714e-02  7.008627e-02  9.195675e-04  1.433002e-01
                        AMP        1.205257e-14  1.000601e-20  1.205820e-14  1.000601e-20  1.646409e-06
                        QF         4.487619e+04  1.000064e+02  4.487704e+04  1.000064e+02  1.335694e+06
        1144083128 0    FREQ       3.393941e-03  3.366494e-03  3.659087e-03  3.073454e-03  3.627413e-03
                        AMP        3.376061e-13  1.000364e-20  3.378782e-13  1.000364e-20  3.098903e-10
                        QF         1.099960e+04  1.131127e+02  1.100432e+04  1.000569e+02  8.558364e+04
        1144084767 0    FREQ       3.297763e-03  3.057417e-03  3.297944e-03  3.057417e-03  3.610397e-03
                        AMP        1.330055e-13  1.005638e-20  1.330055e-13  1.000742e-20  2.380621e-03
                        QF         2.537945e+04  1.180381e+02  2.537945e+04  1.178162e+02  3.782326e+05
                   1    FREQ       5.355507e-03  5.345639e-03  5.494343e-03  5.086777e-03  5.494343e-03
                        AMP        2.977849e-18  1.001312e-20  2.977913e-18  1.002233e-20  1.130090e-15
                        QF         8.677203e+02  1.739007e+02  8.911221e+02  1.286846e+02  3.277443e+03
        1144187547 0    FREQ       3.369307e-03  3.103876e-03  3.381403e-03  3.102908e-03  3.662766e-03
                        AMP        3.111801e-13  1.001278e-20  3.115271e-13  1.002055e-20  2.660031e-09
                        QF         1.223186e+04  1.118132e+02  1.223542e+04  1.118814e+02  7.505574e+04
                   1    FREQ       6.979094e-02  6.959877e-02  6.984786e-02  6.942702e-02  7.020477e-02
                        AMP        2.589082e-13  1.017982e-20  2.589082e-13  1.017982e-20  1.480673e-03
                        QF         8.348518e+04  1.006970e+02  8.351151e+04  1.001666e+02  8.555094e+05
        1144200655 0    FREQ       3.432247e-03  3.408316e-03  3.662587e-03  3.144614e-03  3.662852e-03
                        AMP        3.863971e-18  1.000761e-20  3.866444e-18  1.000761e-20  1.451046e-11
                        QF         3.095860e+03  1.000116e+02  3.095901e+03  1.001886e+02  2.286511e+04
        1144251445 0    FREQ       2.759928e-03  2.700521e-03  2.987797e-03  2.495489e-03  3.019823e-03
                        AMP        3.486755e-14  1.000604e-20  3.487480e-14  1.000051e-20  1.324303e-09
                        QF         8.904061e+03  1.000490e+02  8.904245e+03  1.000846e+02  3.682138e+04
        1144457007 0    FREQ       2.744015e-03  2.456247e-03  2.745080e-03  2.457049e-03  2.990222e-03
                        AMP        4.627664e-15  1.000179e-20  4.627664e-15  1.000826e-20  9.520283e-11
                        QF         6.367733e+03  1.008811e+02  6.368572e+03  1.000124e+02  6.583325e+04
        1144495890 0    FREQ       6.971027e-02  6.959692e-02  6.978668e-02  6.946458e-02  7.011751e-02
                        AMP        8.450192e-15  1.000083e-20  8.450192e-15  1.000083e-20  5.617091e-04
                        QF         5.232367e+04  1.000192e+02  5.232367e+04  1.000192e+02  5.984932e+05
