DRS run_k

Channel y, 10.0 mHz
Bin width = 10, peak width = 5e-06, minimum significance = 3

FFT analysis
dt = 1638.4
1/(2*dt) = 0.00030517578125
4.9732349537037034e-05: 3.148853995692804e-24, significance 0.31918068235187264 sigma
Background level: 3.1093072561611464e-24

5.425347222222222e-05: 3.118538477202965e-24, significance 0.7742918685627879 sigma
Background level: 3.0846618035872557e-24

5.8774594907407404e-05: 2.9879231581131742e-24, significance -3.1125553444844325 sigma
Background level: 3.09423517820573e-24

6.329571759259259e-05: 3.0382617592365858e-24, significance -1.0262787432596778 sigma
Background level: 3.0853154384139056e-24

6.781684027777778e-05: 3.0908394860515437e-24, significance 0.1387694393495557 sigma
Background level: 3.084245352157485e-24

7.233796296296296e-05: 3.0567403285680057e-24, significance -0.7638088606632698 sigma
Background level: 3.091268149728266e-24

7.685908564814814e-05: 3.051225646137595e-24, significance -0.8853078680862202 sigma
Background level: 3.090394980108952e-24

8.138020833333333e-05: 3.137762499156303e-24, significance 1.2204097250309038 sigma
Background level: 3.0832951910606043e-24

8.590133101851852e-05: 3.1547235631439277e-24, significance 1.6453941329596238 sigma
Background level: 3.0828383739194608e-24

9.04224537037037e-05: 3.0788853448436575e-24, significance -0.09877572604860788 sigma
Background level: 3.0834411514708837e-24

9.946469907407407e-05: 3.0961429958415442e-24, significance 0.4055985422531855 sigma
Background level: 3.0784355373455105e-24

0.00010398582175925926: 3.0767277080582703e-24, significance 0.028556958549950166 sigma
Background level: 3.075481186514752e-24

0.00010850694444444444: 2.9870454847533524e-24, significance -2.890978196265059 sigma
Background level: 3.0830547272588468e-24

0.00011302806712962962: 3.1092738373061936e-24, significance 0.8086760084017514 sigma
Background level: 3.078834434533566e-24

0.00011754918981481481: 3.1253141918657815e-24, significance 1.3436542280585084 sigma
Background level: 3.07599910180353e-24

0.0001220703125: 3.104409187132989e-24, significance 0.7293184045336575 sigma
Background level: 3.0778868047226304e-24

0.00012659143518518518: 3.043168165472379e-24, significance -1.0647435747454794 sigma
Background level: 3.0807035033614996e-24

0.00013111255787037036: 3.1190066436236217e-24, significance 1.4061767343562142 sigma
Background level: 3.0726196042170994e-24

0.00014015480324074074: 3.0722485884077394e-24, significance 0.009547215036176242 sigma
Background level: 3.071957816265396e-24

0.00014467592592592592: 3.0924506468780416e-24, significance 0.8066104679933199 sigma
Background level: 3.067412976174341e-24

0.0001491970486111111: 3.0400361728045037e-24, significance -0.9324043119141898 sigma
Background level: 3.068792734740383e-24

0.00015371817129629627: 3.0497117496901544e-24, significance -0.6006887182620967 sigma
Background level: 3.0694914364881268e-24

0.00015823929398148148: 3.0760842572838084e-24, significance 0.21718985410033803 sigma
Background level: 3.0700527794521016e-24

0.00016276041666666666: 3.0501731860104185e-24, significance -0.7114846862552731 sigma
Background level: 3.0693356099143657e-24

0.00016728153935185184: 3.0735893822172288e-24, significance 0.2815040959411211 sigma
Background level: 3.0663961098214788e-24

0.00017180266203703704: 3.0463185972543594e-24, significance -0.8028364769974508 sigma
Background level: 3.0655766485767802e-24

0.00017632378472222222: 3.0519229944195455e-24, significance -0.624502844114081 sigma
Background level: 3.0667235486304386e-24

0.0001808449074074074: 3.0575948833427513e-24, significance -0.3404645038417643 sigma
Background level: 3.0645987931657167e-24

0.00018536603009259258: 3.0901812724401166e-24, significance 1.289237807055496 sigma
Background level: 3.0670003137849066e-24

0.00019440827546296296: 3.0713236930888482e-24, significance 0.3127860223582073 sigma
Background level: 3.0653362004476846e-24

0.00019892939814814814: 3.100377319898792e-24, significance 1.6933976738018928 sigma
Background level: 3.067277891654391e-24

0.00020345052083333332: 3.024644851626523e-24, significance -2.700183090207306 sigma
Background level: 3.0737904906893915e-24

0.00020797164351851852: 3.069019375278071e-24, significance -0.06216869272425691 sigma
Background level: 3.0703097146011775e-24

0.0002124927662037037: 3.0899403862148768e-24, significance 0.9533135933646334 sigma
Background level: 3.0689955564096082e-24

0.00021701388888888888: 3.060749177276142e-24, significance -0.45312580849434453 sigma
Background level: 3.0708946318646097e-24

0.00022153501157407406: 3.0717105637107264e-24, significance -0.06243965445755202 sigma
Background level: 3.073114307854669e-24

0.00022605613425925923: 3.0821834232523953e-24, significance 0.3996967843619662 sigma
Background level: 3.0730986753183986e-24

0.00023509837962962962: 3.091010673813132e-24, significance 0.5932677520020829 sigma
Background level: 3.0764165558031452e-24

0.0002396195023148148: 3.0862955705169202e-24, significance 0.38911291339461257 sigma
Background level: 3.0773281642184512e-24

0.000244140625: 3.107923623748576e-24, significance 1.3665776127776452 sigma
Background level: 3.077180301743373e-24

0.00024866174768518515: 3.104231262117891e-24, significance 1.2089253600623355 sigma
Background level: 3.0770113604136627e-24

0.00025318287037037036: 3.050843259171076e-24, significance -1.6799466289328293 sigma
Background level: 3.0821907742911124e-24

0.00025770399305555556: 3.044811033115822e-24, significance -2.09814292403292 sigma
Background level: 3.0825960602916828e-24

Empty DataFrame
Columns: [FREQ, PERIOD, POWER, SIG, BACKGROUND]
Index: []
