fft.log file for drs run_q

Channel x

1.22 mHz
dt = 1638.40625
1/df = 9.389988218499157e-06
f_max = 0.00030047962299197304
1/(2*dt) = 0.0003051746171012226

3.05 mHz
dt = 1638.40625
1/df = 9.389988218499157e-06
f_max = 0.00030047962299197304
1/(2*dt) = 0.0003051746171012226

4.88 mHz
dt = 1638.40625
1/df = 9.389988218499157e-06
f_max = 0.00030047962299197304
1/(2*dt) = 0.0003051746171012226

9.77 mHz
dt = 1638.40625
1/df = 9.389988218499157e-06
f_max = 0.00030047962299197304
1/(2*dt) = 0.0003051746171012226

29.9 mHz
dt = 1638.40625
1/df = 9.389988218499157e-06
f_max = 0.00030047962299197304
1/(2*dt) = 0.0003051746171012226

50.0 mHz
dt = 1638.40625
1/df = 9.389988218499157e-06
f_max = 0.00030047962299197304
1/(2*dt) = 0.0003051746171012226

Channel y

1.22 mHz
dt = 1638.40625
1/df = 9.389988218499157e-06
f_max = 0.00030047962299197304
1/(2*dt) = 0.0003051746171012226

3.05 mHz
dt = 1638.40625
1/df = 9.389988218499157e-06
f_max = 0.00030047962299197304
1/(2*dt) = 0.0003051746171012226

4.88 mHz
dt = 1638.40625
1/df = 9.389988218499157e-06
f_max = 0.00030047962299197304
1/(2*dt) = 0.0003051746171012226

9.77 mHz
dt = 1638.40625
1/df = 9.389988218499157e-06
f_max = 0.00030047962299197304
1/(2*dt) = 0.0003051746171012226

29.9 mHz
dt = 1638.40625
1/df = 9.389988218499157e-06
f_max = 0.00030047962299197304
1/(2*dt) = 0.0003051746171012226

50.0 mHz
dt = 1638.40625
1/df = 9.389988218499157e-06
f_max = 0.00030047962299197304
1/(2*dt) = 0.0003051746171012226

Channel z

1.22 mHz
dt = 1638.40625
1/df = 9.389988218499157e-06
f_max = 0.00030047962299197304
1/(2*dt) = 0.0003051746171012226

3.05 mHz
dt = 1638.40625
1/df = 9.389988218499157e-06
f_max = 0.00030047962299197304
1/(2*dt) = 0.0003051746171012226

4.88 mHz
dt = 1638.40625
1/df = 9.389988218499157e-06
f_max = 0.00030047962299197304
1/(2*dt) = 0.0003051746171012226

9.77 mHz
dt = 1638.40625
1/df = 9.389988218499157e-06
f_max = 0.00030047962299197304
1/(2*dt) = 0.0003051746171012226

29.9 mHz
dt = 1638.40625
1/df = 9.389988218499157e-06
f_max = 0.00030047962299197304
1/(2*dt) = 0.0003051746171012226

50.0 mHz
dt = 1638.40625
1/df = 9.389988218499157e-06
f_max = 0.00030047962299197304
1/(2*dt) = 0.0003051746171012226

Channel θ

1.22 mHz
dt = 1638.40625
1/df = 9.389988218499157e-06
f_max = 0.00030047962299197304
1/(2*dt) = 0.0003051746171012226

3.05 mHz
dt = 1638.40625
1/df = 9.389988218499157e-06
f_max = 0.00030047962299197304
1/(2*dt) = 0.0003051746171012226

4.88 mHz
dt = 1638.40625
1/df = 9.389988218499157e-06
f_max = 0.00030047962299197304
1/(2*dt) = 0.0003051746171012226

9.77 mHz
dt = 1638.40625
1/df = 9.389988218499157e-06
f_max = 0.00030047962299197304
1/(2*dt) = 0.0003051746171012226

29.9 mHz
dt = 1638.40625
1/df = 9.389988218499157e-06
f_max = 0.00030047962299197304
1/(2*dt) = 0.0003051746171012226

50.0 mHz
dt = 1638.40625
1/df = 9.389988218499157e-06
f_max = 0.00030047962299197304
1/(2*dt) = 0.0003051746171012226

Channel η

1.22 mHz
dt = 1638.40625
1/df = 9.389988218499157e-06
f_max = 0.00030047962299197304
1/(2*dt) = 0.0003051746171012226

3.05 mHz
dt = 1638.40625
1/df = 9.389988218499157e-06
f_max = 0.00030047962299197304
1/(2*dt) = 0.0003051746171012226

4.88 mHz
dt = 1638.40625
1/df = 9.389988218499157e-06
f_max = 0.00030047962299197304
1/(2*dt) = 0.0003051746171012226

9.77 mHz
dt = 1638.40625
1/df = 9.389988218499157e-06
f_max = 0.00030047962299197304
1/(2*dt) = 0.0003051746171012226

29.9 mHz
dt = 1638.40625
1/df = 9.389988218499157e-06
f_max = 0.00030047962299197304
1/(2*dt) = 0.0003051746171012226

50.0 mHz
dt = 1638.40625
1/df = 9.389988218499157e-06
f_max = 0.00030047962299197304
1/(2*dt) = 0.0003051746171012226

Channel ϕ

1.22 mHz
dt = 1638.40625
1/df = 9.389988218499157e-06
f_max = 0.00030047962299197304
1/(2*dt) = 0.0003051746171012226

3.05 mHz
dt = 1638.40625
1/df = 9.389988218499157e-06
f_max = 0.00030047962299197304
1/(2*dt) = 0.0003051746171012226

4.88 mHz
dt = 1638.40625
1/df = 9.389988218499157e-06
f_max = 0.00030047962299197304
1/(2*dt) = 0.0003051746171012226

9.77 mHz
dt = 1638.40625
1/df = 9.389988218499157e-06
f_max = 0.00030047962299197304
1/(2*dt) = 0.0003051746171012226

29.9 mHz
dt = 1638.40625
1/df = 9.389988218499157e-06
f_max = 0.00030047962299197304
1/(2*dt) = 0.0003051746171012226

50.0 mHz
dt = 1638.40625
1/df = 9.389988218499157e-06
f_max = 0.00030047962299197304
1/(2*dt) = 0.0003051746171012226
