fft.log file for ltp run_b

Channel x

1.22 mHz
dt = 1638.4046610169491
1/df = 1.1219665921706203e-06
f_max = 0.00030517491307040874
1/(2*dt) = 0.0003051749130704088

3.05 mHz
dt = 1638.4046610169491
1/df = 1.1219665921706203e-06
f_max = 0.00030517491307040874
1/(2*dt) = 0.0003051749130704088

4.88 mHz
dt = 1638.4046610169491
1/df = 1.1219665921706203e-06
f_max = 0.00030517491307040874
1/(2*dt) = 0.0003051749130704088

9.77 mHz
dt = 1638.4046610169491
1/df = 1.1219665921706203e-06
f_max = 0.00030517491307040874
1/(2*dt) = 0.0003051749130704088

29.9 mHz
dt = 1638.4046610169491
1/df = 1.1219665921706203e-06
f_max = 0.00030517491307040874
1/(2*dt) = 0.0003051749130704088

50.0 mHz
dt = 1638.4046610169491
1/df = 1.1219665921706203e-06
f_max = 0.00030517491307040874
1/(2*dt) = 0.0003051749130704088

Channel y

1.22 mHz
dt = 1638.4046610169491
1/df = 1.1219665921706203e-06
f_max = 0.00030517491307040874
1/(2*dt) = 0.0003051749130704088

3.05 mHz
dt = 1638.4046610169491
1/df = 1.1219665921706203e-06
f_max = 0.00030517491307040874
1/(2*dt) = 0.0003051749130704088

4.88 mHz
dt = 1638.4046610169491
1/df = 1.1219665921706203e-06
f_max = 0.00030517491307040874
1/(2*dt) = 0.0003051749130704088

9.77 mHz
dt = 1638.4046610169491
1/df = 1.1219665921706203e-06
f_max = 0.00030517491307040874
1/(2*dt) = 0.0003051749130704088

29.9 mHz
dt = 1638.4046610169491
1/df = 1.1219665921706203e-06
f_max = 0.00030517491307040874
1/(2*dt) = 0.0003051749130704088

50.0 mHz
dt = 1638.4046610169491
1/df = 1.1219665921706203e-06
f_max = 0.00030517491307040874
1/(2*dt) = 0.0003051749130704088

Channel z

1.22 mHz
dt = 1638.4046610169491
1/df = 1.1219665921706203e-06
f_max = 0.00030517491307040874
1/(2*dt) = 0.0003051749130704088

3.05 mHz
dt = 1638.4046610169491
1/df = 1.1219665921706203e-06
f_max = 0.00030517491307040874
1/(2*dt) = 0.0003051749130704088

4.88 mHz
dt = 1638.4046610169491
1/df = 1.1219665921706203e-06
f_max = 0.00030517491307040874
1/(2*dt) = 0.0003051749130704088

9.77 mHz
dt = 1638.4046610169491
1/df = 1.1219665921706203e-06
f_max = 0.00030517491307040874
1/(2*dt) = 0.0003051749130704088

29.9 mHz
dt = 1638.4046610169491
1/df = 1.1219665921706203e-06
f_max = 0.00030517491307040874
1/(2*dt) = 0.0003051749130704088

50.0 mHz
dt = 1638.4046610169491
1/df = 1.1219665921706203e-06
f_max = 0.00030517491307040874
1/(2*dt) = 0.0003051749130704088

Channel θ

1.22 mHz
dt = 1638.4046610169491
1/df = 1.1219665921706203e-06
f_max = 0.00030517491307040874
1/(2*dt) = 0.0003051749130704088

3.05 mHz
dt = 1638.4046610169491
1/df = 1.1219665921706203e-06
f_max = 0.00030517491307040874
1/(2*dt) = 0.0003051749130704088

4.88 mHz
dt = 1638.4046610169491
1/df = 1.1219665921706203e-06
f_max = 0.00030517491307040874
1/(2*dt) = 0.0003051749130704088

9.77 mHz
dt = 1638.4046610169491
1/df = 1.1219665921706203e-06
f_max = 0.00030517491307040874
1/(2*dt) = 0.0003051749130704088

29.9 mHz
dt = 1638.4046610169491
1/df = 1.1219665921706203e-06
f_max = 0.00030517491307040874
1/(2*dt) = 0.0003051749130704088

50.0 mHz
dt = 1638.4046610169491
1/df = 1.1219665921706203e-06
f_max = 0.00030517491307040874
1/(2*dt) = 0.0003051749130704088

Channel η

1.22 mHz
dt = 1638.4046610169491
1/df = 1.1219665921706203e-06
f_max = 0.00030517491307040874
1/(2*dt) = 0.0003051749130704088

3.05 mHz
dt = 1638.4046610169491
1/df = 1.1219665921706203e-06
f_max = 0.00030517491307040874
1/(2*dt) = 0.0003051749130704088

4.88 mHz
dt = 1638.4046610169491
1/df = 1.1219665921706203e-06
f_max = 0.00030517491307040874
1/(2*dt) = 0.0003051749130704088

9.77 mHz
dt = 1638.4046610169491
1/df = 1.1219665921706203e-06
f_max = 0.00030517491307040874
1/(2*dt) = 0.0003051749130704088

29.9 mHz
dt = 1638.4046610169491
1/df = 1.1219665921706203e-06
f_max = 0.00030517491307040874
1/(2*dt) = 0.0003051749130704088

50.0 mHz
dt = 1638.4046610169491
1/df = 1.1219665921706203e-06
f_max = 0.00030517491307040874
1/(2*dt) = 0.0003051749130704088

Channel ϕ

1.22 mHz
dt = 1638.4046610169491
1/df = 1.1219665921706203e-06
f_max = 0.00030517491307040874
1/(2*dt) = 0.0003051749130704088

3.05 mHz
dt = 1638.4046610169491
1/df = 1.1219665921706203e-06
f_max = 0.00030517491307040874
1/(2*dt) = 0.0003051749130704088

4.88 mHz
dt = 1638.4046610169491
1/df = 1.1219665921706203e-06
f_max = 0.00030517491307040874
1/(2*dt) = 0.0003051749130704088

9.77 mHz
dt = 1638.4046610169491
1/df = 1.1219665921706203e-06
f_max = 0.00030517491307040874
1/(2*dt) = 0.0003051749130704088

29.9 mHz
dt = 1638.4046610169491
1/df = 1.1219665921706203e-06
f_max = 0.00030517491307040874
1/(2*dt) = 0.0003051749130704088

50.0 mHz
dt = 1638.4046610169491
1/df = 1.1219665921706203e-06
f_max = 0.00030517491307040874
1/(2*dt) = 0.0003051749130704088
