fft.log file for run comparison

Channel x

29.9 mHz
dt = 1638.4046610169491
1/df = 1.1219665921706203e-06
f_max = 0.00030517491307040874
1/(2*dt) = 0.0003051749130704088

4.88 mHz
dt = 1638.4046610169491
1/df = 1.1219665921706203e-06
f_max = 0.00030517491307040874
1/(2*dt) = 0.0003051749130704088

1.22 mHz
dt = 1638.4046610169491
1/df = 1.1219665921706203e-06
f_max = 0.00030517491307040874
1/(2*dt) = 0.0003051749130704088

29.9 mHz
dt = 1638.4037558685445
1/df = 2.68876723935305e-06
f_max = 0.00030383069804689464
1/(2*dt) = 0.00030517508166657116

4.88 mHz
dt = 1638.4037558685445
1/df = 2.68876723935305e-06
f_max = 0.00030383069804689464
1/(2*dt) = 0.00030517508166657116

1.22 mHz
dt = 1638.4037558685445
1/df = 2.68876723935305e-06
f_max = 0.00030383069804689464
1/(2*dt) = 0.00030517508166657116

Channel y

29.9 mHz
dt = 1638.4046610169491
1/df = 1.1219665921706203e-06
f_max = 0.00030517491307040874
1/(2*dt) = 0.0003051749130704088

4.88 mHz
dt = 1638.4046610169491
1/df = 1.1219665921706203e-06
f_max = 0.00030517491307040874
1/(2*dt) = 0.0003051749130704088

1.22 mHz
dt = 1638.4046610169491
1/df = 1.1219665921706203e-06
f_max = 0.00030517491307040874
1/(2*dt) = 0.0003051749130704088

29.9 mHz
dt = 1638.4037558685445
1/df = 2.68876723935305e-06
f_max = 0.00030383069804689464
1/(2*dt) = 0.00030517508166657116

4.88 mHz
dt = 1638.4037558685445
1/df = 2.68876723935305e-06
f_max = 0.00030383069804689464
1/(2*dt) = 0.00030517508166657116

1.22 mHz
dt = 1638.4037558685445
1/df = 2.68876723935305e-06
f_max = 0.00030383069804689464
1/(2*dt) = 0.00030517508166657116

Channel z

29.9 mHz
dt = 1638.4046610169491
1/df = 1.1219665921706203e-06
f_max = 0.00030517491307040874
1/(2*dt) = 0.0003051749130704088

4.88 mHz
dt = 1638.4046610169491
1/df = 1.1219665921706203e-06
f_max = 0.00030517491307040874
1/(2*dt) = 0.0003051749130704088

1.22 mHz
dt = 1638.4046610169491
1/df = 1.1219665921706203e-06
f_max = 0.00030517491307040874
1/(2*dt) = 0.0003051749130704088

29.9 mHz
dt = 1638.4037558685445
1/df = 2.68876723935305e-06
f_max = 0.00030383069804689464
1/(2*dt) = 0.00030517508166657116

4.88 mHz
dt = 1638.4037558685445
1/df = 2.68876723935305e-06
f_max = 0.00030383069804689464
1/(2*dt) = 0.00030517508166657116

1.22 mHz
dt = 1638.4037558685445
1/df = 2.68876723935305e-06
f_max = 0.00030383069804689464
1/(2*dt) = 0.00030517508166657116

Channel θ

29.9 mHz
dt = 1638.4046610169491
1/df = 1.1219665921706203e-06
f_max = 0.00030517491307040874
1/(2*dt) = 0.0003051749130704088

4.88 mHz
dt = 1638.4046610169491
1/df = 1.1219665921706203e-06
f_max = 0.00030517491307040874
1/(2*dt) = 0.0003051749130704088

1.22 mHz
dt = 1638.4046610169491
1/df = 1.1219665921706203e-06
f_max = 0.00030517491307040874
1/(2*dt) = 0.0003051749130704088

29.9 mHz
dt = 1638.4037558685445
1/df = 2.68876723935305e-06
f_max = 0.00030383069804689464
1/(2*dt) = 0.00030517508166657116

4.88 mHz
dt = 1638.4037558685445
1/df = 2.68876723935305e-06
f_max = 0.00030383069804689464
1/(2*dt) = 0.00030517508166657116

1.22 mHz
dt = 1638.4037558685445
1/df = 2.68876723935305e-06
f_max = 0.00030383069804689464
1/(2*dt) = 0.00030517508166657116

Channel η

29.9 mHz
dt = 1638.4046610169491
1/df = 1.1219665921706203e-06
f_max = 0.00030517491307040874
1/(2*dt) = 0.0003051749130704088

4.88 mHz
dt = 1638.4046610169491
1/df = 1.1219665921706203e-06
f_max = 0.00030517491307040874
1/(2*dt) = 0.0003051749130704088

1.22 mHz
dt = 1638.4046610169491
1/df = 1.1219665921706203e-06
f_max = 0.00030517491307040874
1/(2*dt) = 0.0003051749130704088

29.9 mHz
dt = 1638.4037558685445
1/df = 2.68876723935305e-06
f_max = 0.00030383069804689464
1/(2*dt) = 0.00030517508166657116

4.88 mHz
dt = 1638.4037558685445
1/df = 2.68876723935305e-06
f_max = 0.00030383069804689464
1/(2*dt) = 0.00030517508166657116

1.22 mHz
dt = 1638.4037558685445
1/df = 2.68876723935305e-06
f_max = 0.00030383069804689464
1/(2*dt) = 0.00030517508166657116

Channel ϕ

29.9 mHz
dt = 1638.4046610169491
1/df = 1.1219665921706203e-06
f_max = 0.00030517491307040874
1/(2*dt) = 0.0003051749130704088

4.88 mHz
dt = 1638.4046610169491
1/df = 1.1219665921706203e-06
f_max = 0.00030517491307040874
1/(2*dt) = 0.0003051749130704088

1.22 mHz
dt = 1638.4046610169491
1/df = 1.1219665921706203e-06
f_max = 0.00030517491307040874
1/(2*dt) = 0.0003051749130704088

29.9 mHz
dt = 1638.4037558685445
1/df = 2.68876723935305e-06
f_max = 0.00030383069804689464
1/(2*dt) = 0.00030517508166657116

4.88 mHz
dt = 1638.4037558685445
1/df = 2.68876723935305e-06
f_max = 0.00030383069804689464
1/(2*dt) = 0.00030517508166657116

1.22 mHz
dt = 1638.4037558685445
1/df = 2.68876723935305e-06
f_max = 0.00030383069804689464
1/(2*dt) = 0.00030517508166657116
