fft.log file for drsCrutch run_q

Channel x

1.22 mHz
dt = 1638.4028776978416
1/df = 4.298242890675336e-06
f_max = 0.00030517524523794885
1/(2*dt) = 0.0003051752452379489

3.05 mHz
dt = 1638.4028776978416
1/df = 4.298242890675336e-06
f_max = 0.00030517524523794885
1/(2*dt) = 0.0003051752452379489

4.88 mHz
dt = 1638.4028776978416
1/df = 4.298242890675336e-06
f_max = 0.00030517524523794885
1/(2*dt) = 0.0003051752452379489

9.77 mHz
dt = 1638.4028776978416
1/df = 4.298242890675336e-06
f_max = 0.00030517524523794885
1/(2*dt) = 0.0003051752452379489

29.9 mHz
dt = 1638.4028776978416
1/df = 4.298242890675336e-06
f_max = 0.00030517524523794885
1/(2*dt) = 0.0003051752452379489

50.0 mHz
dt = 1638.4028776978416
1/df = 4.298242890675336e-06
f_max = 0.00030517524523794885
1/(2*dt) = 0.0003051752452379489

Channel y

1.22 mHz
dt = 1638.4028776978416
1/df = 4.298242890675336e-06
f_max = 0.00030517524523794885
1/(2*dt) = 0.0003051752452379489

3.05 mHz
dt = 1638.4028776978416
1/df = 4.298242890675336e-06
f_max = 0.00030517524523794885
1/(2*dt) = 0.0003051752452379489

4.88 mHz
dt = 1638.4028776978416
1/df = 4.298242890675336e-06
f_max = 0.00030517524523794885
1/(2*dt) = 0.0003051752452379489

9.77 mHz
dt = 1638.4028776978416
1/df = 4.298242890675336e-06
f_max = 0.00030517524523794885
1/(2*dt) = 0.0003051752452379489

29.9 mHz
dt = 1638.4028776978416
1/df = 4.298242890675336e-06
f_max = 0.00030517524523794885
1/(2*dt) = 0.0003051752452379489

50.0 mHz
dt = 1638.4028776978416
1/df = 4.298242890675336e-06
f_max = 0.00030517524523794885
1/(2*dt) = 0.0003051752452379489

Channel z

1.22 mHz
dt = 1638.4028776978416
1/df = 4.298242890675336e-06
f_max = 0.00030517524523794885
1/(2*dt) = 0.0003051752452379489

3.05 mHz
dt = 1638.4028776978416
1/df = 4.298242890675336e-06
f_max = 0.00030517524523794885
1/(2*dt) = 0.0003051752452379489

4.88 mHz
dt = 1638.4028776978416
1/df = 4.298242890675336e-06
f_max = 0.00030517524523794885
1/(2*dt) = 0.0003051752452379489

9.77 mHz
dt = 1638.4028776978416
1/df = 4.298242890675336e-06
f_max = 0.00030517524523794885
1/(2*dt) = 0.0003051752452379489

29.9 mHz
dt = 1638.4028776978416
1/df = 4.298242890675336e-06
f_max = 0.00030517524523794885
1/(2*dt) = 0.0003051752452379489

50.0 mHz
dt = 1638.4028776978416
1/df = 4.298242890675336e-06
f_max = 0.00030517524523794885
1/(2*dt) = 0.0003051752452379489

Channel θ

1.22 mHz
dt = 1638.4028776978416
1/df = 4.298242890675336e-06
f_max = 0.00030517524523794885
1/(2*dt) = 0.0003051752452379489

3.05 mHz
dt = 1638.4028776978416
1/df = 4.298242890675336e-06
f_max = 0.00030517524523794885
1/(2*dt) = 0.0003051752452379489

4.88 mHz
dt = 1638.4028776978416
1/df = 4.298242890675336e-06
f_max = 0.00030517524523794885
1/(2*dt) = 0.0003051752452379489

9.77 mHz
dt = 1638.4028776978416
1/df = 4.298242890675336e-06
f_max = 0.00030517524523794885
1/(2*dt) = 0.0003051752452379489

29.9 mHz
dt = 1638.4028776978416
1/df = 4.298242890675336e-06
f_max = 0.00030517524523794885
1/(2*dt) = 0.0003051752452379489

50.0 mHz
dt = 1638.4028776978416
1/df = 4.298242890675336e-06
f_max = 0.00030517524523794885
1/(2*dt) = 0.0003051752452379489

Channel η

1.22 mHz
dt = 1638.4028776978416
1/df = 4.298242890675336e-06
f_max = 0.00030517524523794885
1/(2*dt) = 0.0003051752452379489

3.05 mHz
dt = 1638.4028776978416
1/df = 4.298242890675336e-06
f_max = 0.00030517524523794885
1/(2*dt) = 0.0003051752452379489

4.88 mHz
dt = 1638.4028776978416
1/df = 4.298242890675336e-06
f_max = 0.00030517524523794885
1/(2*dt) = 0.0003051752452379489

9.77 mHz
dt = 1638.4028776978416
1/df = 4.298242890675336e-06
f_max = 0.00030517524523794885
1/(2*dt) = 0.0003051752452379489

29.9 mHz
dt = 1638.4028776978416
1/df = 4.298242890675336e-06
f_max = 0.00030517524523794885
1/(2*dt) = 0.0003051752452379489

50.0 mHz
dt = 1638.4028776978416
1/df = 4.298242890675336e-06
f_max = 0.00030517524523794885
1/(2*dt) = 0.0003051752452379489

Channel ϕ

1.22 mHz
dt = 1638.4028776978416
1/df = 4.298242890675336e-06
f_max = 0.00030517524523794885
1/(2*dt) = 0.0003051752452379489

3.05 mHz
dt = 1638.4028776978416
1/df = 4.298242890675336e-06
f_max = 0.00030517524523794885
1/(2*dt) = 0.0003051752452379489

4.88 mHz
dt = 1638.4028776978416
1/df = 4.298242890675336e-06
f_max = 0.00030517524523794885
1/(2*dt) = 0.0003051752452379489

9.77 mHz
dt = 1638.4028776978416
1/df = 4.298242890675336e-06
f_max = 0.00030517524523794885
1/(2*dt) = 0.0003051752452379489

29.9 mHz
dt = 1638.4028776978416
1/df = 4.298242890675336e-06
f_max = 0.00030517524523794885
1/(2*dt) = 0.0003051752452379489

50.0 mHz
dt = 1638.4028776978416
1/df = 4.298242890675336e-06
f_max = 0.00030517524523794885
1/(2*dt) = 0.0003051752452379489
