linechain.py log file for drs_run_q


-- 1159575586 CHANNEL 0 --
Line model histogram:
[84355 13280  2003   321    31    10]
0 spectral lines found.

-- 1159577224 CHANNEL 0 --
Line model histogram:
[84089 13443  2059   351    45    13]
0 spectral lines found.

-- 1159578862 CHANNEL 0 --
Line model histogram:
[83695 13720  2151   350    68    16]
0 spectral lines found.

-- 1159580501 CHANNEL 0 --
Line model histogram:
[83803 13567  2158   378    83    11]
0 spectral lines found.

-- 1159582139 CHANNEL 0 --
Line model histogram:
[84284 13288  2052   320    48     8]
0 spectral lines found.

-- 1159583778 CHANNEL 0 --
Line model histogram:
[79926 16172  3216   546    95    25    20]
0 spectral lines found.

-- 1159585416 CHANNEL 0 --
Line model histogram:
[83181 14119  2266   342    64    26     0     2]
0 spectral lines found.

-- 1159587054 CHANNEL 0 --
Line model histogram:
[83965 13505  2102   349    71     8]
0 spectral lines found.

-- 1159588693 CHANNEL 0 --
Line model histogram:
[83991 13475  2094   372    64     4]
0 spectral lines found.

-- 1159590331 CHANNEL 0 --
Line model histogram:
[83905 13667  2068   307    40    12     1]
0 spectral lines found.

-- 1159591970 CHANNEL 0 --
Line model histogram:
[84126 13432  2083   293    60     5     1]
0 spectral lines found.

-- 1159593608 CHANNEL 0 --
Line model histogram:
[84341 13214  2132   284    23     6]
0 spectral lines found.

-- 1159595246 CHANNEL 0 --
Line model histogram:
[84247 13450  1932   302    55    14]
0 spectral lines found.

-- 1159596885 CHANNEL 0 --
Line model histogram:
[84138 13383  2080   333    62     4]
0 spectral lines found.

-- 1159598523 CHANNEL 0 --
Line model histogram:
[84078 13373  2163   315    61    10]
0 spectral lines found.

-- 1159600162 CHANNEL 0 --
Line model histogram:
[83480 13960  2152   342    57     8     1]
0 spectral lines found.

-- 1159601800 CHANNEL 0 --
Line model histogram:
[83909 13604  2097   325    51     9     5]
0 spectral lines found.

-- 1159603438 CHANNEL 0 --
Line model histogram:
[83952 13485  2158   345    57     2     1]
0 spectral lines found.

-- 1159605077 CHANNEL 0 --
Line model histogram:
[83930 13603  2102   310    48     7]
0 spectral lines found.

-- 1159606715 CHANNEL 0 --
Line model histogram:
[83927 13551  2105   347    59     6     5]
0 spectral lines found.

-- 1159608354 CHANNEL 0 --
Line model histogram:
[83759 13666  2081   421    62    11]
0 spectral lines found.

-- 1159609992 CHANNEL 0 --
Line model histogram:
[84360 13378  1951   267    40     4]
0 spectral lines found.

-- 1159611630 CHANNEL 0 --
Line model histogram:
[84296 13330  1996   333    37     6     2]
0 spectral lines found.

-- 1159613269 CHANNEL 0 --
Line model histogram:
[83656 13722  2171   370    74     6     1]
0 spectral lines found.

-- 1159614907 CHANNEL 0 --
Line model histogram:
[84236 13384  2054   281    40     5]
0 spectral lines found.

-- 1159616546 CHANNEL 0 --
Line model histogram:
[83527 13867  2178   334    81    10     3]
0 spectral lines found.

-- 1159618184 CHANNEL 0 --
Line model histogram:
[84138 13313  2114   369    46     8     8     3     1]
0 spectral lines found.

-- 1159621022 CHANNEL 0 --
Line model histogram:
[84286 13378  1994   304    29     8     1]
0 spectral lines found.

-- 1159622661 CHANNEL 0 --
Line model histogram:
[84105 13440  2030   356    43     7    18     1]
0 spectral lines found.

-- 1159624299 CHANNEL 0 --
Line model histogram:
[84002 13446  2081   394    59    15     0     1     2]
0 spectral lines found.

-- 1159625938 CHANNEL 0 --
Line model histogram:
[83757 13636  2193   348    52    14]
0 spectral lines found.

-- 1159627576 CHANNEL 0 --
Line model histogram:
[84034 13510  2078   334    39     5]
0 spectral lines found.

-- 1159629214 CHANNEL 0 --
Line model histogram:
[84204 13321  2088   326    54     7]
0 spectral lines found.

-- 1159630853 CHANNEL 0 --
Line model histogram:
[84039 13451  2127   344    33     6]
0 spectral lines found.

-- 1159632491 CHANNEL 0 --
Line model histogram:
[83856 13724  2055   293    57    15]
0 spectral lines found.

-- 1159634130 CHANNEL 0 --
Line model histogram:
[84128 13487  2049   282    46     7     1]
0 spectral lines found.

-- 1159635768 CHANNEL 0 --
Line model histogram:
[83477 13954  2125   365    66    13]
0 spectral lines found.

-- 1159637406 CHANNEL 0 --
Line model histogram:
[83836 13667  2093   357    41     5     1]
0 spectral lines found.

-- 1159639045 CHANNEL 0 --
Line model histogram:
[84292 13296  2009   313    85     4     1]
0 spectral lines found.

-- 1159640683 CHANNEL 0 --
Line model histogram:
[84130 13453  2047   317    46     7]
0 spectral lines found.

-- 1159642322 CHANNEL 0 --
Line model histogram:
[83971 13541  2139   279    57    13]
0 spectral lines found.

-- 1159643960 CHANNEL 0 --
Line model histogram:
[84303 13190  2105   328    70     3     1]
0 spectral lines found.

-- 1159645598 CHANNEL 0 --
Line model histogram:
[83754 13671  2090   410    70     4     1]
0 spectral lines found.

-- 1159647237 CHANNEL 0 --
Line model histogram:
[83897 13749  2050   262    35     3     4]
0 spectral lines found.

-- 1159648875 CHANNEL 0 --
Line model histogram:
[84008 13487  2078   362    56     9]
0 spectral lines found.

-- 1159650514 CHANNEL 0 --
Line model histogram:
[83946 13664  2095   266    29]
0 spectral lines found.

-- 1159652152 CHANNEL 0 --
Line model histogram:
[83843 13715  2084   318    36     4]
0 spectral lines found.

-- 1159653790 CHANNEL 0 --
Line model histogram:
[84158 13419  2030   335    53     5]
0 spectral lines found.

-- 1159655429 CHANNEL 0 --
Line model histogram:
[83322 13938  2251   387    85    14     3]
0 spectral lines found.

-- 1159657067 CHANNEL 0 --
Line model histogram:
[83458 13947  2178   358    54     5]
0 spectral lines found.

-- 1159658706 CHANNEL 0 --
Line model histogram:
[83923 13484  2218   310    55    10]
0 spectral lines found.

-- 1159660344 CHANNEL 0 --
Line model histogram:
[84277 13357  1992   322    45     5     2]
0 spectral lines found.

-- 1159661982 CHANNEL 0 --
Line model histogram:
[84316 13371  1956   299    48    10]
0 spectral lines found.

-- 1159663621 CHANNEL 0 --
Line model histogram:
[83971 13611  2074   291    48     5]
0 spectral lines found.

-- 1159665259 CHANNEL 0 --
Line model histogram:
[84186 13448  2070   240    54     2]
0 spectral lines found.

-- 1159666898 CHANNEL 0 --
Line model histogram:
[84364 13291  1992   293    50    10]
0 spectral lines found.

-- 1159668536 CHANNEL 0 --
Line model histogram:
[84032 13452  2099   344    62    10     1]
0 spectral lines found.

-- 1159670174 CHANNEL 0 --
Line model histogram:
[83946 13537  2107   354    51     3     2]
0 spectral lines found.

-- 1159671813 CHANNEL 0 --
Line model histogram:
[83682 13741  2159   362    54     2]
0 spectral lines found.

-- 1159673451 CHANNEL 0 --
Line model histogram:
[84367 13298  1986   300    41     8]
0 spectral lines found.

-- 1159675090 CHANNEL 0 --
Line model histogram:
[83324 13986  2204   396    80    10]
0 spectral lines found.

-- 1159676728 CHANNEL 0 --
Line model histogram:
[83980 13615  2007   325    61    12]
0 spectral lines found.

-- 1159678366 CHANNEL 0 --
Line model histogram:
[83989 13502  2114   341    48     4     2]
0 spectral lines found.

-- 1159680005 CHANNEL 0 --
Line model histogram:
[84024 13543  2062   312    54     5]
0 spectral lines found.

-- 1159681643 CHANNEL 0 --
Line model histogram:
[83874 13739  2039   305    36     7]
0 spectral lines found.

-- 1159683282 CHANNEL 0 --
Line model histogram:
[83996 13502  2109   343    48     2]
0 spectral lines found.

-- 1159575586 CHANNEL 1 --
Line model histogram:
[81219 15278  2826   576    98     3]
0 spectral lines found.

-- 1159577224 CHANNEL 1 --
Line model histogram:
[81333 15383  2670   496   104    13     1]
0 spectral lines found.

-- 1159578862 CHANNEL 1 --
Line model histogram:
[81603 15066  2698   520   106     7]
0 spectral lines found.

-- 1159580501 CHANNEL 1 --
Line model histogram:
[81419 15231  2776   493    68    13]
0 spectral lines found.

-- 1159582139 CHANNEL 1 --
Line model histogram:
[81281 15365  2792   473    77    11     1]
0 spectral lines found.

-- 1159583778 CHANNEL 1 --
Line model histogram:
[81037 15495  2802   563   100     3]
0 spectral lines found.

-- 1159585416 CHANNEL 1 --
Line model histogram:
[81246 15401  2692   540   105    10     6]
0 spectral lines found.

-- 1159587054 CHANNEL 1 --
Line model histogram:
[81209 15248  2910   507   102    23     1]
0 spectral lines found.

-- 1159588693 CHANNEL 1 --
Line model histogram:
[81423 15307  2651   494   100    22     3]
0 spectral lines found.

-- 1159590331 CHANNEL 1 --
Line model histogram:
[81572 15213  2611   498    87    17     2]
0 spectral lines found.

-- 1159591970 CHANNEL 1 --
Line model histogram:
[81399 15271  2762   472    81    11     2     2]
0 spectral lines found.

-- 1159593608 CHANNEL 1 --
Line model histogram:
[81443 15306  2649   506    84    12]
0 spectral lines found.

-- 1159595246 CHANNEL 1 --
Line model histogram:
[81405 15222  2780   461   117    14     1]
0 spectral lines found.

-- 1159596885 CHANNEL 1 --
Line model histogram:
[81468 15096  2819   505   100    12]
0 spectral lines found.

-- 1159598523 CHANNEL 1 --
Line model histogram:
[81227 15369  2797   509    90     8]
0 spectral lines found.

-- 1159600162 CHANNEL 1 --
Line model histogram:
[81324 15295  2765   510    90    15     1]
0 spectral lines found.

-- 1159601800 CHANNEL 1 --
Line model histogram:
[80832 15559  2936   527   117    26     3]
0 spectral lines found.

-- 1159603438 CHANNEL 1 --
Line model histogram:
[80999 15454  2962   483    90    12]
0 spectral lines found.

-- 1159605077 CHANNEL 1 --
Line model histogram:
[80135 16126  3002   584   111    26    15     1]
0 spectral lines found.

-- 1159606715 CHANNEL 1 --
Line model histogram:
[81171 15378  2866   494    75    14     2]
0 spectral lines found.

-- 1159608354 CHANNEL 1 --
Line model histogram:
[81317 15388  2709   490    80    12     0     4]
0 spectral lines found.

-- 1159609992 CHANNEL 1 --
Line model histogram:
[81249 15314  2771   532   103    22     7     2]
0 spectral lines found.

-- 1159611630 CHANNEL 1 --
Line model histogram:
[80968 15600  2824   481   102    19     5     1]
0 spectral lines found.

-- 1159613269 CHANNEL 1 --
Line model histogram:
[81520 15304  2656   430    76    14]
0 spectral lines found.

-- 1159614907 CHANNEL 1 --
Line model histogram:
[81589 15055  2757   473   114    12]
0 spectral lines found.

-- 1159616546 CHANNEL 1 --
Line model histogram:
[80918 15607  2823   532   102    15     3]
0 spectral lines found.

-- 1159618184 CHANNEL 1 --
Line model histogram:
[81523 15308  2662   404    90    13]
0 spectral lines found.

-- 1159621022 CHANNEL 1 --
Line model histogram:
[80710 15604  3044   550    83     9]
0 spectral lines found.

-- 1159622661 CHANNEL 1 --
Line model histogram:
[81375 15198  2774   520   105    27     1]
0 spectral lines found.

-- 1159624299 CHANNEL 1 --
Line model histogram:
[81263 15382  2705   536    93    20     1]
0 spectral lines found.

-- 1159625938 CHANNEL 1 --
Line model histogram:
[81370 15312  2704   503    88    21     2]
0 spectral lines found.

-- 1159627576 CHANNEL 1 --
Line model histogram:
[81255 15330  2780   503   117    13     2]
0 spectral lines found.

-- 1159629214 CHANNEL 1 --
Line model histogram:
[81268 15360  2723   526    88    23    11     1]
0 spectral lines found.

-- 1159630853 CHANNEL 1 --
Line model histogram:
[81524 15197  2707   475    85    11     0     1]
0 spectral lines found.

-- 1159632491 CHANNEL 1 --
Line model histogram:
[81387 15226  2749   525    94    19]
0 spectral lines found.

-- 1159634130 CHANNEL 1 --
Line model histogram:
[81121 15371  2849   541    92    25     1]
0 spectral lines found.

-- 1159635768 CHANNEL 1 --
Line model histogram:
[81081 15211  2986   575   127    20]
0 spectral lines found.

-- 1159637406 CHANNEL 1 --
Line model histogram:
[81011 15588  2796   504    95     6]
0 spectral lines found.

-- 1159639045 CHANNEL 1 --
Line model histogram:
[81191 15411  2815   466   106    11]
0 spectral lines found.

-- 1159640683 CHANNEL 1 --
Line model histogram:
[81238 15486  2627   523   110    16]
0 spectral lines found.

-- 1159642322 CHANNEL 1 --
Line model histogram:
[81632 15183  2661   437    76     6     1     4]
0 spectral lines found.

-- 1159643960 CHANNEL 1 --
Line model histogram:
[81427 15305  2692   464   102     8     2]
0 spectral lines found.

-- 1159645598 CHANNEL 1 --
Line model histogram:
[81245 15373  2756   526    92     6     2]
0 spectral lines found.

-- 1159647237 CHANNEL 1 --
Line model histogram:
[81168 15259  2919   542    99    11     2]
0 spectral lines found.

-- 1159648875 CHANNEL 1 --
Line model histogram:
[81465 15277  2627   537    88     4     2]
0 spectral lines found.

-- 1159650514 CHANNEL 1 --
Line model histogram:
[81214 15464  2765   473    73     8     3]
0 spectral lines found.

-- 1159652152 CHANNEL 1 --
Line model histogram:
[81597 15178  2652   479    91     3]
0 spectral lines found.

-- 1159653790 CHANNEL 1 --
Line model histogram:
[81002 15572  2767   538   108    13]
0 spectral lines found.

-- 1159655429 CHANNEL 1 --
Line model histogram:
[81565 15239  2709   398    69    20]
0 spectral lines found.

-- 1159657067 CHANNEL 1 --
Line model histogram:
[81103 15423  2794   566    97    13     4]
0 spectral lines found.

-- 1159658706 CHANNEL 1 --
Line model histogram:
[81031 15431  2849   559   112    18]
0 spectral lines found.

-- 1159660344 CHANNEL 1 --
Line model histogram:
[80894 15710  2769   489   123    13     2]
0 spectral lines found.

-- 1159661982 CHANNEL 1 --
Line model histogram:
[81088 15455  2857   481    92    14    12     1]
0 spectral lines found.

-- 1159663621 CHANNEL 1 --
Line model histogram:
[81043 15519  2782   546    97    12     1]
0 spectral lines found.

-- 1159665259 CHANNEL 1 --
Line model histogram:
[80886 15621  2811   562   108    12]
0 spectral lines found.

-- 1159666898 CHANNEL 1 --
Line model histogram:
[81336 15278  2707   536   121    14     3     5]
0 spectral lines found.

-- 1159668536 CHANNEL 1 --
Line model histogram:
[81713 15118  2568   516    79     6]
0 spectral lines found.

-- 1159670174 CHANNEL 1 --
Line model histogram:
[81107 15526  2741   533    82    10     1]
0 spectral lines found.

-- 1159671813 CHANNEL 1 --
Line model histogram:
[81172 15539  2651   525   100    12     1]
0 spectral lines found.

-- 1159673451 CHANNEL 1 --
Line model histogram:
[81299 15434  2635   504   112    15     1]
0 spectral lines found.

-- 1159675090 CHANNEL 1 --
Line model histogram:
[81006 15608  2769   513    98     6]
0 spectral lines found.

-- 1159676728 CHANNEL 1 --
Line model histogram:
[81175 15391  2742   573   110     8     1]
0 spectral lines found.

-- 1159678366 CHANNEL 1 --
Line model histogram:
[81326 15333  2699   554    79     9]
0 spectral lines found.

-- 1159680005 CHANNEL 1 --
Line model histogram:
[81313 15404  2590   580   109     4]
0 spectral lines found.

-- 1159681643 CHANNEL 1 --
Line model histogram:
[81058 15509  2774   538   104    17]
0 spectral lines found.

-- 1159683282 CHANNEL 1 --
Line model histogram:
[80967 15637  2819   478    93     5     1]
0 spectral lines found.

-- 1159575586 CHANNEL 2 --
Line model histogram:
[81125 15544  2692   525    91    21     2]
0 spectral lines found.

-- 1159577224 CHANNEL 2 --
Line model histogram:
[81097 15492  2767   553    77    11     2     1]
0 spectral lines found.

-- 1159578862 CHANNEL 2 --
Line model histogram:
[81283 15412  2752   468    73    12]
0 spectral lines found.

-- 1159580501 CHANNEL 2 --
Line model histogram:
[81006 15570  2833   467   116     8]
0 spectral lines found.

-- 1159582139 CHANNEL 2 --
Line model histogram:
[81147 15463  2808   495    79     8]
0 spectral lines found.

-- 1159583778 CHANNEL 2 --
Line model histogram:
[81403 15171  2764   546   102    13     1]
0 spectral lines found.

-- 1159585416 CHANNEL 2 --
Line model histogram:
[81006 15614  2762   497   106    12     1     1     1]
0 spectral lines found.

-- 1159587054 CHANNEL 2 --
Line model histogram:
[81146 15556  2664   504   113    16     1]
0 spectral lines found.

-- 1159588693 CHANNEL 2 --
Line model histogram:
[81186 15472  2714   511    95    20     2]
0 spectral lines found.

-- 1159590331 CHANNEL 2 --
Line model histogram:
[81347 15227  2845   469    97    13     1     1]
0 spectral lines found.

-- 1159591970 CHANNEL 2 --
Line model histogram:
[81473 15218  2747   441    94    16    11]
0 spectral lines found.

-- 1159593608 CHANNEL 2 --
Line model histogram:
[81607 15045  2743   500    97     7     1]
0 spectral lines found.

-- 1159595246 CHANNEL 2 --
Line model histogram:
[81355 15283  2764   497    89     7     5]
0 spectral lines found.

-- 1159596885 CHANNEL 2 --
Line model histogram:
[81369 15216  2808   507    84    16]
0 spectral lines found.

-- 1159598523 CHANNEL 2 --
Line model histogram:
[81269 15435  2696   522    64    14]
0 spectral lines found.

-- 1159600162 CHANNEL 2 --
Line model histogram:
[81238 15389  2762   487   111    13]
0 spectral lines found.

-- 1159601800 CHANNEL 2 --
Line model histogram:
[81089 15469  2854   466   115     6     1]
0 spectral lines found.

-- 1159603438 CHANNEL 2 --
Line model histogram:
[80880 15761  2760   486    84    26     3]
0 spectral lines found.

-- 1159605077 CHANNEL 2 --
Line model histogram:
[81563 15157  2720   467    78    11     2     2]
0 spectral lines found.

-- 1159606715 CHANNEL 2 --
Line model histogram:
[81095 15401  2822   533   106    30    10     3]
0 spectral lines found.

-- 1159608354 CHANNEL 2 --
Line model histogram:
[80803 15666  2886   525   106    11     2     1]
0 spectral lines found.

-- 1159609992 CHANNEL 2 --
Line model histogram:
[81241 15542  2645   475    90     6     1]
0 spectral lines found.

-- 1159611630 CHANNEL 2 --
Line model histogram:
[81013 15571  2861   475    73     7]
0 spectral lines found.

-- 1159613269 CHANNEL 2 --
Line model histogram:
[80895 15555  2910   518    89    28     4     1]
0 spectral lines found.

-- 1159614907 CHANNEL 2 --
Line model histogram:
[81086 15486  2840   493    79    12     1     3]
0 spectral lines found.

-- 1159616546 CHANNEL 2 --
Line model histogram:
[81356 15413  2635   483    83    25     5]
0 spectral lines found.

-- 1159618184 CHANNEL 2 --
Line model histogram:
[80350 15833  3174   522   109    12]
0 spectral lines found.

-- 1159621022 CHANNEL 2 --
Line model histogram:
[81175 15344  2910   485    70    16]
0 spectral lines found.

-- 1159622661 CHANNEL 2 --
Line model histogram:
[81029 15418  2936   517    86    12     2]
0 spectral lines found.

-- 1159624299 CHANNEL 2 --
Line model histogram:
[80873 15728  2822   498    74     3     2]
0 spectral lines found.

-- 1159625938 CHANNEL 2 --
Line model histogram:
[81144 15521  2731   496    97    10     1]
0 spectral lines found.

-- 1159627576 CHANNEL 2 --
Line model histogram:
[81368 15436  2627   473    87     9]
0 spectral lines found.

-- 1159629214 CHANNEL 2 --
Line model histogram:
[81039 15408  2885   541   110    17]
0 spectral lines found.

-- 1159630853 CHANNEL 2 --
Line model histogram:
[80643 15794  2921   522   113     7]
0 spectral lines found.

-- 1159632491 CHANNEL 2 --
Line model histogram:
[81273 15373  2744   493   102    12     3]
0 spectral lines found.

-- 1159634130 CHANNEL 2 --
Line model histogram:
[81077 15599  2690   513   113     8]
0 spectral lines found.

-- 1159635768 CHANNEL 2 --
Line model histogram:
[81217 15379  2770   491   116    26     1]
0 spectral lines found.

-- 1159637406 CHANNEL 2 --
Line model histogram:
[81228 15452  2706   485   122     7]
0 spectral lines found.

-- 1159639045 CHANNEL 2 --
Line model histogram:
[81252 15456  2722   471    91     8]
0 spectral lines found.

-- 1159640683 CHANNEL 2 --
Line model histogram:
[81245 15478  2673   506    87    11]
0 spectral lines found.

-- 1159642322 CHANNEL 2 --
Line model histogram:
[81192 15378  2830   490    84    24     2]
0 spectral lines found.

-- 1159643960 CHANNEL 2 --
Line model histogram:
[81022 15475  2891   509    90    12     1]
0 spectral lines found.

-- 1159645598 CHANNEL 2 --
Line model histogram:
[81119 15558  2737   473   101    12]
0 spectral lines found.

-- 1159647237 CHANNEL 2 --
Line model histogram:
[80975 15570  2827   499   118     9     2]
0 spectral lines found.

-- 1159648875 CHANNEL 2 --
Line model histogram:
[81371 15410  2610   505    87    13     4]
0 spectral lines found.

-- 1159650514 CHANNEL 2 --
Line model histogram:
[81245 15422  2760   504    66     3]
0 spectral lines found.

-- 1159652152 CHANNEL 2 --
Line model histogram:
[81110 15439  2879   443   100    27     2]
0 spectral lines found.

-- 1159653790 CHANNEL 2 --
Line model histogram:
[81566 15319  2593   443    69    10]
0 spectral lines found.

-- 1159655429 CHANNEL 2 --
Line model histogram:
[80988 15700  2735   490    74    10     3]
0 spectral lines found.

-- 1159657067 CHANNEL 2 --
Line model histogram:
[81595 15054  2754   514    74     7     2]
0 spectral lines found.

-- 1159658706 CHANNEL 2 --
Line model histogram:
[81244 15399  2792   479    81     5]
0 spectral lines found.

-- 1159660344 CHANNEL 2 --
Line model histogram:
[81192 15436  2762   494    99    14     3]
0 spectral lines found.

-- 1159661982 CHANNEL 2 --
Line model histogram:
[81280 15419  2679   511   102     9]
0 spectral lines found.

-- 1159663621 CHANNEL 2 --
Line model histogram:
[80984 15601  2776   554    77     5     1     2]
0 spectral lines found.

-- 1159665259 CHANNEL 2 --
Line model histogram:
[81256 15411  2707   535    75    13     3]
0 spectral lines found.

-- 1159666898 CHANNEL 2 --
Line model histogram:
[80981 15668  2792   469    82     8]
0 spectral lines found.

-- 1159668536 CHANNEL 2 --
Line model histogram:
[80932 15742  2726   472   115    13]
0 spectral lines found.

-- 1159670174 CHANNEL 2 --
Line model histogram:
[81474 15256  2626   545    89     7     3]
0 spectral lines found.

-- 1159671813 CHANNEL 2 --
Line model histogram:
[79120 16604  3420   662   153    33     8]
0 spectral lines found.

-- 1159673451 CHANNEL 2 --
Line model histogram:
[80887 15676  2869   470    94     3     1]
0 spectral lines found.

-- 1159675090 CHANNEL 2 --
Line model histogram:
[81191 15548  2729   449    75     8]
0 spectral lines found.

-- 1159676728 CHANNEL 2 --
Line model histogram:
[81102 15595  2734   455   101    13]
0 spectral lines found.

-- 1159678366 CHANNEL 2 --
Line model histogram:
[80985 15480  2932   520    81     2]
0 spectral lines found.

-- 1159680005 CHANNEL 2 --
Line model histogram:
[81088 15398  2838   540   121    13     2]
0 spectral lines found.

-- 1159681643 CHANNEL 2 --
Line model histogram:
[81206 15425  2790   498    76     4     1]
0 spectral lines found.

-- 1159683282 CHANNEL 2 --
Line model histogram:
[81184 15407  2816   473   108    11     1]
0 spectral lines found.

-- 1159575586 CHANNEL 3 --
Line model histogram:
[77675 17639  3695   778   177    29     3     3     1]
0 spectral lines found.

-- 1159577224 CHANNEL 3 --
Line model histogram:
[77098 17967  3936   817   143    35     4]
0 spectral lines found.

-- 1159578862 CHANNEL 3 --
Line model histogram:
[77901 17542  3583   779   163    30     2]
0 spectral lines found.

-- 1159580501 CHANNEL 3 --
Line model histogram:
[77774 17714  3641   703   137    22     7     0     2]
0 spectral lines found.

-- 1159582139 CHANNEL 3 --
Line model histogram:
[78103 17344  3569   786   157    38     3]
0 spectral lines found.

-- 1159583778 CHANNEL 3 --
Line model histogram:
[77556 17684  3761   794   177    24     4]
0 spectral lines found.

-- 1159585416 CHANNEL 3 --
Line model histogram:
[77426 17764  3835   777   166    27     4     1]
0 spectral lines found.

-- 1159587054 CHANNEL 3 --
Line model histogram:
[78024 17349  3650   769   157    36    12     3]
0 spectral lines found.

-- 1159588693 CHANNEL 3 --
Line model histogram:
[77669 17542  3819   773   182    15]
0 spectral lines found.

-- 1159590331 CHANNEL 3 --
Line model histogram:
[77960 17349  3636   825   171    45    14]
0 spectral lines found.

-- 1159591970 CHANNEL 3 --
Line model histogram:
[77912 17599  3570   720   153    33    11     1     1]
0 spectral lines found.

-- 1159593608 CHANNEL 3 --
Line model histogram:
[77846 17577  3584   759   159    60     9     4     2]
0 spectral lines found.

-- 1159595246 CHANNEL 3 --
Line model histogram:
[77792 17376  3699   870   183    58    20     2]
0 spectral lines found.

-- 1159596885 CHANNEL 3 --
Line model histogram:
[78084 17292  3630   737   199    49     7     2]
0 spectral lines found.

-- 1159598523 CHANNEL 3 --
Line model histogram:
[77853 17413  3784   788   143    18     1]
0 spectral lines found.

-- 1159600162 CHANNEL 3 --
Line model histogram:
[77595 17609  3802   737   197    48    10     2]
0 spectral lines found.

-- 1159601800 CHANNEL 3 --
Line model histogram:
[77749 17565  3687   777   168    49     5]
0 spectral lines found.

-- 1159603438 CHANNEL 3 --
Line model histogram:
[77596 17541  3738   883   195    41     6]
0 spectral lines found.

-- 1159605077 CHANNEL 3 --
Line model histogram:
[77728 17640  3623   794   159    37    16     3]
0 spectral lines found.

-- 1159606715 CHANNEL 3 --
Line model histogram:
[78126 17349  3571   748   177    27     2]
0 spectral lines found.

-- 1159608354 CHANNEL 3 --
Line model histogram:
[77894 17362  3830   725   144    36     8     1]
0 spectral lines found.

-- 1159609992 CHANNEL 3 --
Line model histogram:
[77726 17516  3745   799   159    41    14]
0 spectral lines found.

-- 1159611630 CHANNEL 3 --
Line model histogram:
[78215 17360  3487   725   185    26     2]
0 spectral lines found.

-- 1159613269 CHANNEL 3 --
Line model histogram:
[77688 17665  3726   709   175    34     3]
0 spectral lines found.

-- 1159614907 CHANNEL 3 --
Line model histogram:
[77323 17803  3777   818   224    38    13     2     2]
0 spectral lines found.

-- 1159616546 CHANNEL 3 --
Line model histogram:
[77610 17566  3742   867   163    41    10     1]
0 spectral lines found.

-- 1159618184 CHANNEL 3 --
Line model histogram:
[77952 17389  3639   798   181    35     6]
0 spectral lines found.

-- 1159621022 CHANNEL 3 --
Line model histogram:
[77932 17354  3697   792   194    30     0     1]
0 spectral lines found.

-- 1159622661 CHANNEL 3 --
Line model histogram:
[77777 17465  3776   787   165    30]
0 spectral lines found.

-- 1159624299 CHANNEL 3 --
Line model histogram:
[76977 17870  4045   862   191    51     3     1]
0 spectral lines found.

-- 1159625938 CHANNEL 3 --
Line model histogram:
[77654 17528  3795   819   159    38     4     1     2]
0 spectral lines found.

-- 1159627576 CHANNEL 3 --
Line model histogram:
[77917 17297  3779   849   146    11     1]
0 spectral lines found.

-- 1159629214 CHANNEL 3 --
Line model histogram:
[78372 17259  3478   671   165    42    11     2]
0 spectral lines found.

-- 1159630853 CHANNEL 3 --
Line model histogram:
[77731 17505  3736   842   159    20     2     3     2]
0 spectral lines found.

-- 1159632491 CHANNEL 3 --
Line model histogram:
[78048 17374  3661   762   126    28     1]
0 spectral lines found.

-- 1159634130 CHANNEL 3 --
Line model histogram:
[76787 18115  4051   810   190    40     7]
0 spectral lines found.

-- 1159635768 CHANNEL 3 --
Line model histogram:
[78006 17267  3696   828   177    23     2     1]
0 spectral lines found.

-- 1159637406 CHANNEL 3 --
Line model histogram:
[77728 17540  3681   840   178    26     5     2]
0 spectral lines found.

-- 1159639045 CHANNEL 3 --
Line model histogram:
[78148 17091  3786   741   185    45     3     1]
0 spectral lines found.

-- 1159640683 CHANNEL 3 --
Line model histogram:
[77806 17584  3625   769   169    36     8     3]
0 spectral lines found.

-- 1159642322 CHANNEL 3 --
Line model histogram:
[78303 16906  3830   745   162    42     8     1     3]
0 spectral lines found.

-- 1159643960 CHANNEL 3 --
Line model histogram:
[78113 17335  3651   713   144    44]
0 spectral lines found.

-- 1159645598 CHANNEL 3 --
Line model histogram:
[77600 17592  3685   827   228    60     8]
0 spectral lines found.

-- 1159647237 CHANNEL 3 --
Line model histogram:
[77703 17689  3620   740   191    48     9]
0 spectral lines found.

-- 1159648875 CHANNEL 3 --
Line model histogram:
[77742 17500  3736   799   175    48]
0 spectral lines found.

-- 1159650514 CHANNEL 3 --
Line model histogram:
[77507 17757  3820   734   161    21]
0 spectral lines found.

-- 1159652152 CHANNEL 3 --
Line model histogram:
[77749 17398  3767   824   236    26]
0 spectral lines found.

-- 1159653790 CHANNEL 3 --
Line model histogram:
[77612 17639  3692   831   175    37     8     4     2]
0 spectral lines found.

-- 1159655429 CHANNEL 3 --
Line model histogram:
[77654 17593  3769   782   170    30     1     0     0     1]
0 spectral lines found.

-- 1159657067 CHANNEL 3 --
Line model histogram:
[77773 17527  3644   785   229    39     3]
0 spectral lines found.

-- 1159658706 CHANNEL 3 --
Line model histogram:
[77679 17663  3575   844   199    31     8     1]
0 spectral lines found.

-- 1159660344 CHANNEL 3 --
Line model histogram:
[77684 17599  3609   852   208    26    10     9     3]
0 spectral lines found.

-- 1159661982 CHANNEL 3 --
Line model histogram:
[77745 17691  3636   747   157    24]
0 spectral lines found.

-- 1159663621 CHANNEL 3 --
Line model histogram:
[77706 17598  3736   747   173    39     1]
0 spectral lines found.

-- 1159665259 CHANNEL 3 --
Line model histogram:
[77857 17595  3558   773   164    41    11     1]
0 spectral lines found.

-- 1159666898 CHANNEL 3 --
Line model histogram:
[77978 17437  3712   703   151    15     3     1]
0 spectral lines found.

-- 1159668536 CHANNEL 3 --
Line model histogram:
[77815 17428  3788   765   167    35     2]
0 spectral lines found.

-- 1159670174 CHANNEL 3 --
Line model histogram:
[77924 17342  3869   698   139    22     6]
0 spectral lines found.

-- 1159671813 CHANNEL 3 --
Line model histogram:
[77423 17655  3884   801   177    44    16]
0 spectral lines found.

-- 1159673451 CHANNEL 3 --
Line model histogram:
[76755 18124  3986   898   197    36     3     1]
0 spectral lines found.

-- 1159675090 CHANNEL 3 --
Line model histogram:
[77786 17484  3684   806   192    32     4     9     3]
0 spectral lines found.

-- 1159676728 CHANNEL 3 --
Line model histogram:
[77864 17497  3619   786   172    58     3     1]
0 spectral lines found.

-- 1159678366 CHANNEL 3 --
Line model histogram:
[77861 17338  3700   822   209    61     9]
0 spectral lines found.

-- 1159680005 CHANNEL 3 --
Line model histogram:
[77860 17576  3615   765   149    33     2]
0 spectral lines found.

-- 1159681643 CHANNEL 3 --
Line model histogram:
[77789 17432  3700   799   232    46     2]
0 spectral lines found.

-- 1159683282 CHANNEL 3 --
Line model histogram:
[76909 18058  3972   868   167    23     3]
0 spectral lines found.

-- 1159575586 CHANNEL 4 --
Line model histogram:
[82616 14516  2318   426    95    18     8     3]
0 spectral lines found.

-- 1159577224 CHANNEL 4 --
Line model histogram:
[82442 14685  2394   398    65    15     1]
0 spectral lines found.

-- 1159578862 CHANNEL 4 --
Line model histogram:
[82223 14885  2383   410    84    14     1]
0 spectral lines found.

-- 1159580501 CHANNEL 4 --
Line model histogram:
[82296 14625  2537   460    74     6     2]
0 spectral lines found.

-- 1159582139 CHANNEL 4 --
Line model histogram:
[82727 14408  2354   410    89    12]
0 spectral lines found.

-- 1159583778 CHANNEL 4 --
Line model histogram:
[82501 14589  2383   425    81    20     1]
0 spectral lines found.

-- 1159585416 CHANNEL 4 --
Line model histogram:
[82724 14404  2368   421    57    18     8]
0 spectral lines found.

-- 1159587054 CHANNEL 4 --
Line model histogram:
[82491 14487  2395   486    96    19    13     5     8]
0 spectral lines found.

-- 1159588693 CHANNEL 4 --
Line model histogram:
[82580 14370  2501   436    85    20     8]
0 spectral lines found.

-- 1159590331 CHANNEL 4 --
Line model histogram:
[82436 14583  2415   461    95     8     2]
0 spectral lines found.

-- 1159591970 CHANNEL 4 --
Line model histogram:
[82382 14576  2508   444    80     9     1]
0 spectral lines found.

-- 1159593608 CHANNEL 4 --
Line model histogram:
[82493 14512  2457   438    86    12     2]
0 spectral lines found.

-- 1159595246 CHANNEL 4 --
Line model histogram:
[82674 14397  2394   444    80    10     1]
0 spectral lines found.

-- 1159596885 CHANNEL 4 --
Line model histogram:
[82620 14494  2342   441    81    17     5]
0 spectral lines found.

-- 1159598523 CHANNEL 4 --
Line model histogram:
[82518 14439  2476   472    79     8     2     1     0     5]
0 spectral lines found.

-- 1159600162 CHANNEL 4 --
Line model histogram:
[82555 14464  2481   390    85    23     2]
0 spectral lines found.

-- 1159601800 CHANNEL 4 --
Line model histogram:
[82776 14360  2375   411    69     9]
0 spectral lines found.

-- 1159603438 CHANNEL 4 --
Line model histogram:
[82444 14590  2427   455    73     9     0     1     1]
0 spectral lines found.

-- 1159605077 CHANNEL 4 --
Line model histogram:
[81344 15360  2643   539    96    18]
0 spectral lines found.

-- 1159606715 CHANNEL 4 --
Line model histogram:
[82992 14152  2316   449    77    10     4]
0 spectral lines found.

-- 1159608354 CHANNEL 4 --
Line model histogram:
[82805 14257  2445   416    65    11     1]
0 spectral lines found.

-- 1159609992 CHANNEL 4 --
Line model histogram:
[81968 14944  2491   464   101    31     1]
0 spectral lines found.

-- 1159611630 CHANNEL 4 --
Line model histogram:
[82793 14338  2337   451    67    14]
0 spectral lines found.

-- 1159613269 CHANNEL 4 --
Line model histogram:
[82173 14748  2478   504    75    14     8]
0 spectral lines found.

-- 1159614907 CHANNEL 4 --
Line model histogram:
[82898 14265  2292   431   103     7     1     3]
0 spectral lines found.

-- 1159616546 CHANNEL 4 --
Line model histogram:
[82640 14411  2431   422    92     3     1]
0 spectral lines found.

-- 1159618184 CHANNEL 4 --
Line model histogram:
[82471 14494  2539   418    60    11     7]
0 spectral lines found.

-- 1159621022 CHANNEL 4 --
Line model histogram:
[82578 14682  2264   405    65     6]
0 spectral lines found.

-- 1159622661 CHANNEL 4 --
Line model histogram:
[82529 14589  2325   477    73     2     5]
0 spectral lines found.

-- 1159624299 CHANNEL 4 --
Line model histogram:
[82200 14724  2484   489    75    25     3]
0 spectral lines found.

-- 1159625938 CHANNEL 4 --
Line model histogram:
[82705 14366  2414   409    92     8     4     2]
0 spectral lines found.

-- 1159627576 CHANNEL 4 --
Line model histogram:
[82351 14618  2487   462    74     6     2]
0 spectral lines found.

-- 1159629214 CHANNEL 4 --
Line model histogram:
[82414 14627  2476   394    74    13     2]
0 spectral lines found.

-- 1159630853 CHANNEL 4 --
Line model histogram:
[82650 14484  2408   407    44     7]
0 spectral lines found.

-- 1159632491 CHANNEL 4 --
Line model histogram:
[81938 14918  2591   454    89     7     3]
0 spectral lines found.

-- 1159634130 CHANNEL 4 --
Line model histogram:
[82484 14615  2400   406    89     2     4]
0 spectral lines found.

-- 1159635768 CHANNEL 4 --
Line model histogram:
[82689 14457  2346   433    65     9     1]
0 spectral lines found.

-- 1159637406 CHANNEL 4 --
Line model histogram:
[82672 14437  2344   453    89     4     1]
0 spectral lines found.

-- 1159639045 CHANNEL 4 --
Line model histogram:
[82913 14346  2244   438    57     1     0     0     0     1]
0 spectral lines found.

-- 1159640683 CHANNEL 4 --
Line model histogram:
[81303 15428  2652   491   102    20     4]
0 spectral lines found.

-- 1159642322 CHANNEL 4 --
Line model histogram:
[82239 14710  2541   420    79    11]
0 spectral lines found.

-- 1159643960 CHANNEL 4 --
Line model histogram:
[82498 14607  2400   418    56    16     4     0     1]
0 spectral lines found.

-- 1159645598 CHANNEL 4 --
Line model histogram:
[82906 14352  2247   396    89     9     1]
0 spectral lines found.

-- 1159647237 CHANNEL 4 --
Line model histogram:
[81618 15189  2588   489   100    13     3]
0 spectral lines found.

-- 1159648875 CHANNEL 4 --
Line model histogram:
[82725 14419  2356   417    72     7     4]
0 spectral lines found.

-- 1159650514 CHANNEL 4 --
Line model histogram:
[82695 14587  2226   414    69     8     1]
0 spectral lines found.

-- 1159652152 CHANNEL 4 --
Line model histogram:
[  144 68206 23977  5885  1412   303    60     8     5]
1 spectral lines found.
Line parameter summary:
                                         MEDIAN      CI_50_LO      CI_50_HI      CI_90_LO      CI_90_HI
CHANNEL TIME       LINE PARAMETER                                                                      
4       1159652152 0    FREQ       1.212189e-01  1.210192e-01  1.213370e-01  1.205947e-01  1.218616e-01
                        AMP        3.193353e-17  4.733239e-19  3.197337e-17  1.114986e-20  1.388181e-14
                        QF         3.582324e+02  1.000006e+02  3.582382e+02  1.000006e+02  5.627496e+03

-- 1159653790 CHANNEL 4 --
Line model histogram:
[82168 14819  2518   416    69     7     3]
0 spectral lines found.

-- 1159655429 CHANNEL 4 --
Line model histogram:
[82505 14623  2369   391    84    16    12]
0 spectral lines found.

-- 1159657067 CHANNEL 4 --
Line model histogram:
[82803 14506  2149   446    82    12     2]
0 spectral lines found.

-- 1159658706 CHANNEL 4 --
Line model histogram:
[82197 14792  2518   405    64     8     8     2     2     1     2     1]
0 spectral lines found.

-- 1159660344 CHANNEL 4 --
Line model histogram:
[82250 14786  2498   412    49     4     1]
0 spectral lines found.

-- 1159661982 CHANNEL 4 --
Line model histogram:
[82705 14510  2328   381    54    13     5     4]
0 spectral lines found.

-- 1159663621 CHANNEL 4 --
Line model histogram:
[82695 14348  2419   457    68    10     3]
0 spectral lines found.

-- 1159665259 CHANNEL 4 --
Line model histogram:
[82690 14500  2332   405    65     6     2]
0 spectral lines found.

-- 1159666898 CHANNEL 4 --
Line model histogram:
[82569 14624  2350   374    76     5     1     1]
0 spectral lines found.

-- 1159668536 CHANNEL 4 --
Line model histogram:
[82639 14510  2369   376    82    15     6     3]
0 spectral lines found.

-- 1159670174 CHANNEL 4 --
Line model histogram:
[81713 15017  2601   544   105    17     3]
0 spectral lines found.

-- 1159671813 CHANNEL 4 --
Line model histogram:
[82471 14447  2513   463    88    12     6]
0 spectral lines found.

-- 1159673451 CHANNEL 4 --
Line model histogram:
[82614 14425  2463   432    56     9     1]
0 spectral lines found.

-- 1159675090 CHANNEL 4 --
Line model histogram:
[82330 14590  2481   500    89    10]
0 spectral lines found.

-- 1159676728 CHANNEL 4 --
Line model histogram:
[82262 14765  2432   454    60    18     2     4     0     3]
0 spectral lines found.

-- 1159678366 CHANNEL 4 --
Line model histogram:
[82733 14509  2318   374    54    10     2]
0 spectral lines found.

-- 1159680005 CHANNEL 4 --
Line model histogram:
[82728 14509  2335   373    48     5     2]
0 spectral lines found.

-- 1159681643 CHANNEL 4 --
Line model histogram:
[82390 14627  2505   406    57    11     2     2]
0 spectral lines found.

-- 1159683282 CHANNEL 4 --
Line model histogram:
[82486 14629  2433   377    55    18     2]
0 spectral lines found.

-- 1159575586 CHANNEL 5 --
Line model histogram:
[81528 15105  2811   480    69     6     1]
0 spectral lines found.

-- 1159577224 CHANNEL 5 --
Line model histogram:
[80282 16102  2979   550    82     5]
0 spectral lines found.

-- 1159578862 CHANNEL 5 --
Line model histogram:
[82214 14846  2402   430    91    15     2]
0 spectral lines found.

-- 1159580501 CHANNEL 5 --
Line model histogram:
[81241 15254  2857   555    77    15     1]
0 spectral lines found.

-- 1159582139 CHANNEL 5 --
Line model histogram:
[74699 19874  4333   888   155    42     8     1]
0 spectral lines found.

-- 1159583778 CHANNEL 5 --
Line model histogram:
[77416 17646  3893   867   153    20     5]
0 spectral lines found.

-- 1159585416 CHANNEL 5 --
Line model histogram:
[82131 14757  2509   510    77    13     2     1]
0 spectral lines found.

-- 1159587054 CHANNEL 5 --
Line model histogram:
[44945 38652 12449  3066   730   123    30     5]
0 spectral lines found.

-- 1159588693 CHANNEL 5 --
Line model histogram:
[82027 14833  2522   477   126    10     3     2]
0 spectral lines found.

-- 1159590331 CHANNEL 5 --
Line model histogram:
[81902 14848  2709   458    71    10     2]
0 spectral lines found.

-- 1159591970 CHANNEL 5 --
Line model histogram:
[  760 68605 23224  5710  1232   363    83    22     1]
1 spectral lines found.
Line parameter summary:
                                         MEDIAN      CI_50_LO      CI_50_HI      CI_90_LO      CI_90_HI
CHANNEL TIME       LINE PARAMETER                                                                      
5       1159591970 0    FREQ       9.987222e-01  9.986565e-01  9.990680e-01  9.982647e-01  9.991101e-01
                        AMP        3.140322e-12  1.067498e-20  3.140322e-12  1.067498e-20  3.030660e-08
                        QF         4.235756e+03  1.000083e+02  4.235756e+03  1.000083e+02  2.945388e+05

-- 1159593608 CHANNEL 5 --
Line model histogram:
[79979 16100  3149   634   107    24     4     2     1]
0 spectral lines found.

-- 1159595246 CHANNEL 5 --
Line model histogram:
[76215 18399  4161   957   218    45     5]
0 spectral lines found.

-- 1159596885 CHANNEL 5 --
Line model histogram:
[81577 15093  2654   543   101    30     2]
0 spectral lines found.

-- 1159598523 CHANNEL 5 --
Line model histogram:
[81297 15238  2787   549   105    22     2]
0 spectral lines found.

-- 1159600162 CHANNEL 5 --
Line model histogram:
[81073 15404  2764   595   137    21     6]
0 spectral lines found.

-- 1159601800 CHANNEL 5 --
Line model histogram:
[82235 14730  2547   406    77     5]
0 spectral lines found.

-- 1159603438 CHANNEL 5 --
Line model histogram:
[82188 14878  2417   440    66    11]
0 spectral lines found.

-- 1159605077 CHANNEL 5 --
Line model histogram:
[82038 14776  2591   473    90    22    10]
0 spectral lines found.

-- 1159606715 CHANNEL 5 --
Line model histogram:
[52134 34224 10479  2493   562    92    14     2]
0 spectral lines found.

-- 1159608354 CHANNEL 5 --
Line model histogram:
[82586 14487  2383   442    90    11     1]
0 spectral lines found.

-- 1159609992 CHANNEL 5 --
Line model histogram:
[78542 17204  3312   759   164    18     0     0     1]
0 spectral lines found.

-- 1159611630 CHANNEL 5 --
Line model histogram:
[82156 14786  2485   464    95    10     4]
0 spectral lines found.

-- 1159613269 CHANNEL 5 --
Line model histogram:
[81438 15251  2716   484    87    22     2]
0 spectral lines found.

-- 1159614907 CHANNEL 5 --
Line model histogram:
[81785 14910  2613   544   121    27]
0 spectral lines found.

-- 1159616546 CHANNEL 5 --
Line model histogram:
[81475 15192  2712   513   100     7     1]
0 spectral lines found.

-- 1159618184 CHANNEL 5 --
Line model histogram:
[82490 14576  2473   403    55     3]
0 spectral lines found.

-- 1159621022 CHANNEL 5 --
Line model histogram:
[82509 14579  2420   412    62    11     6     1]
0 spectral lines found.

-- 1159622661 CHANNEL 5 --
Line model histogram:
[82347 14693  2468   411    70    11]
0 spectral lines found.

-- 1159624299 CHANNEL 5 --
Line model histogram:
[81273 15332  2759   515   105    15     1]
0 spectral lines found.

-- 1159625938 CHANNEL 5 --
Line model histogram:
[82105 14845  2492   445    90    20     2     1]
0 spectral lines found.

-- 1159627576 CHANNEL 5 --
Line model histogram:
[81092 15680  2636   498    93     0     1]
0 spectral lines found.

-- 1159629214 CHANNEL 5 --
Line model histogram:
[82163 14711  2495   506   107    12     2     3     1]
0 spectral lines found.

-- 1159630853 CHANNEL 5 --
Line model histogram:
[82144 14672  2562   535    65    16     5     1]
0 spectral lines found.

-- 1159632491 CHANNEL 5 --
Line model histogram:
[81821 14889  2724   464    82    17     3]
0 spectral lines found.

-- 1159634130 CHANNEL 5 --
Line model histogram:
[78371 17177  3470   808   137    31     6]
0 spectral lines found.

-- 1159635768 CHANNEL 5 --
Line model histogram:
[ 9751 61095 21769  5647  1297   335    77    18    10     1]
1 spectral lines found.
Line parameter summary:
                                         MEDIAN      CI_50_LO      CI_50_HI      CI_90_LO      CI_90_HI
CHANNEL TIME       LINE PARAMETER                                                                      
5       1159635768 0    FREQ       2.382126e-01  2.380953e-01  2.383359e-01  2.378102e-01  2.386503e-01
                        AMP        8.102179e-14  1.000684e-20  8.102179e-14  1.000684e-20  2.658343e-04
                        QF         2.218611e+04  1.000187e+02  2.218611e+04  1.000289e+02  1.048573e+06

-- 1159637406 CHANNEL 5 --
Line model histogram:
[82129 14710  2606   450    75    13     7     8     2]
0 spectral lines found.

-- 1159639045 CHANNEL 5 --
Line model histogram:
[81764 15243  2454   454    76     6     3]
0 spectral lines found.

-- 1159640683 CHANNEL 5 --
Line model histogram:
[81007 15596  2763   543    79    10     2]
0 spectral lines found.

-- 1159642322 CHANNEL 5 --
Line model histogram:
[81652 15209  2573   468    78    19     1]
0 spectral lines found.

-- 1159643960 CHANNEL 5 --
Line model histogram:
[82439 14710  2386   389    70     2     4]
0 spectral lines found.

-- 1159645598 CHANNEL 5 --
Line model histogram:
[81773 15035  2600   481   100    11]
0 spectral lines found.

-- 1159647237 CHANNEL 5 --
Line model histogram:
[80867 15636  2854   522   114     6     1]
0 spectral lines found.

-- 1159648875 CHANNEL 5 --
Line model histogram:
[82044 14737  2609   510    81    18     1]
0 spectral lines found.

-- 1159650514 CHANNEL 5 --
Line model histogram:
[79954 16300  3082   552    84    16    10     2]
0 spectral lines found.

-- 1159652152 CHANNEL 5 --
Line model histogram:
[81187 15457  2717   540    88    11]
0 spectral lines found.

-- 1159653790 CHANNEL 5 --
Line model histogram:
[81814 15084  2468   496   102    26     9     0     1]
0 spectral lines found.

-- 1159655429 CHANNEL 5 --
Line model histogram:
[80932 15378  2990   592    93    13     2]
0 spectral lines found.

-- 1159657067 CHANNEL 5 --
Line model histogram:
[81751 15009  2564   545   117     9     5]
0 spectral lines found.

-- 1159658706 CHANNEL 5 --
Line model histogram:
[81163 15367  2825   562    71    10     2]
0 spectral lines found.

-- 1159660344 CHANNEL 5 --
Line model histogram:
[81580 15285  2584   449    79    13     7     3]
0 spectral lines found.

-- 1159661982 CHANNEL 5 --
Line model histogram:
[82461 14582  2424   434    81    17     1]
0 spectral lines found.

-- 1159663621 CHANNEL 5 --
Line model histogram:
[82306 14724  2450   417    89    11     3]
0 spectral lines found.

-- 1159665259 CHANNEL 5 --
Line model histogram:
[82081 14939  2472   424    74     9     1]
0 spectral lines found.

-- 1159666898 CHANNEL 5 --
Line model histogram:
[81894 14952  2610   440    90    14]
0 spectral lines found.

-- 1159668536 CHANNEL 5 --
Line model histogram:
[80759 15617  2857   609   139    16     3]
0 spectral lines found.

-- 1159670174 CHANNEL 5 --
Line model histogram:
[82675 14442  2375   410    76    21     1]
0 spectral lines found.

-- 1159671813 CHANNEL 5 --
Line model histogram:
[75713 18967  4193   922   174    31]
0 spectral lines found.

-- 1159673451 CHANNEL 5 --
Line model histogram:
[81810 15191  2513   422    59     5]
0 spectral lines found.

-- 1159675090 CHANNEL 5 --
Line model histogram:
[33803 45149 15665  4082   982   254    51    14]
1 spectral lines found.
Line parameter summary:
                                         MEDIAN      CI_50_LO      CI_50_HI      CI_90_LO      CI_90_HI
CHANNEL TIME       LINE PARAMETER                                                                      
5       1159675090 0    FREQ       2.357200e-01  2.354462e-01  2.358188e-01  8.248134e-02  3.747505e-01
                        AMP        2.976590e-14  1.014245e-20  2.976590e-14  1.011887e-20  5.744993e-08
                        QF         1.824065e+04  1.000916e+02  1.824071e+04  1.000053e+02  1.015000e+06

-- 1159676728 CHANNEL 5 --
Line model histogram:
[81831 15081  2589   421    72     5     1]
0 spectral lines found.

-- 1159678366 CHANNEL 5 --
Line model histogram:
[70358 22559  5477  1258   262    70    15     1]
0 spectral lines found.

-- 1159680005 CHANNEL 5 --
Line model histogram:
[76020 18714  3970   982   264    45     5]
0 spectral lines found.

-- 1159681643 CHANNEL 5 --
Line model histogram:
[82205 14774  2511   440    55    11     4]
0 spectral lines found.

-- 1159683282 CHANNEL 5 --
Line model histogram:
[81225 15304  2830   533    92    13     3]
0 spectral lines found.
All summaries:
                                         MEDIAN      CI_50_LO      CI_50_HI      CI_90_LO      CI_90_HI
CHANNEL TIME       LINE PARAMETER                                                                      
4       1159652152 0    FREQ       1.212189e-01  1.210192e-01  1.213370e-01  1.205947e-01  1.218616e-01
                        AMP        3.193353e-17  4.733239e-19  3.197337e-17  1.114986e-20  1.388181e-14
                        QF         3.582324e+02  1.000006e+02  3.582382e+02  1.000006e+02  5.627496e+03
5       1159591970 0    FREQ       9.987222e-01  9.986565e-01  9.990680e-01  9.982647e-01  9.991101e-01
                        AMP        3.140322e-12  1.067498e-20  3.140322e-12  1.067498e-20  3.030660e-08
                        QF         4.235756e+03  1.000083e+02  4.235756e+03  1.000083e+02  2.945388e+05
        1159635768 0    FREQ       2.382126e-01  2.380953e-01  2.383359e-01  2.378102e-01  2.386503e-01
                        AMP        8.102179e-14  1.000684e-20  8.102179e-14  1.000684e-20  2.658343e-04
                        QF         2.218611e+04  1.000187e+02  2.218611e+04  1.000289e+02  1.048573e+06
        1159675090 0    FREQ       2.357200e-01  2.354462e-01  2.358188e-01  8.248134e-02  3.747505e-01
                        AMP        2.976590e-14  1.014245e-20  2.976590e-14  1.011887e-20  5.744993e-08
                        QF         1.824065e+04  1.000916e+02  1.824071e+04  1.000053e+02  1.015000e+06
