LTP run_b

Channel y, 10.0 mHz
Bin width = 10, peak width = 5e-06, minimum significance = 3

FFT analysis
dt = 1638.4046610169491
1/(2*dt) = 0.0003051749130704088
1.3463599106047444e-05: 5.234280642456724e-27, significance -0.21988024816858237 sigma
Background level: 3.903092137394003e-26

1.9073432066900546e-05: 1.3608911843815681e-27, significance -0.36820252599462844 sigma
Background level: 2.3112496544884063e-27

2.243933184341241e-05: 1.0375717574851263e-26, significance 5.250239380309833 sigma
Background level: 1.8114018616486007e-27

2.804916480426551e-05: 2.6946142967271564e-27, significance 0.2142821932174827 sigma
Background level: 2.189327859756721e-27

3.478096435728923e-05: 3.295970739964861e-27, significance 0.4431873346731744 sigma
Background level: 2.2086739380257057e-27

3.702489754163047e-05: 5.794952832920974e-27, significance 2.8043176966133347 sigma
Background level: 1.7273124100086442e-27

4.600063027899543e-05: 4.604524120128354e-27, significance 1.8403599149065162 sigma
Background level: 1.681905332785011e-27

4.824456346333667e-05: 4.3885279706081385e-27, significance 1.373239666382662 sigma
Background level: 2.1133309968988925e-27

5.2732429832019156e-05: 2.8275309258738348e-27, significance 0.4171448188299576 sigma
Background level: 2.1282204015569552e-27

5.834226279287226e-05: 3.937542406424482e-27, significance 1.4459825815330203 sigma
Background level: 1.674843535806089e-27

6.61960289380666e-05: 4.4490007290655494e-27, significance 2.696215788336154 sigma
Background level: 1.4217522537035703e-27

7.068389530674908e-05: 2.1449474763274017e-27, significance 0.4177003206333527 sigma
Background level: 1.6707123106681164e-27

7.18058618989197e-05: 2.4668586254768728e-27, significance 1.033020102896296 sigma
Background level: 1.2684230335622354e-27

7.74156948597728e-05: 1.4087633347161655e-27, significance -0.1442648197690557 sigma
Background level: 1.631065923886122e-27

8.414749441279653e-05: 1.240552463216538e-27, significance -0.10467032416993434 sigma
Background level: 1.3787438251389668e-27

8.751339418930839e-05: 6.506354449800596e-27, significance 9.65300377071377 sigma
Background level: 9.759224855557569e-28

9.200126055799086e-05: 1.6462410200682006e-27, significance 0.29192297869260647 sigma
Background level: 1.2609617845076296e-27

9.873306011101459e-05: 1.1863072373926823e-27, significance -0.2915982662573182 sigma
Background level: 1.6630257758481945e-27

0.00010209895988752645: 2.4900552555716926e-27, significance 1.029988000266522 sigma
Background level: 1.2804249543132043e-27

0.00010770879284837955: 5.492149557648371e-27, significance 6.9961772325558025 sigma
Background level: 7.833301524662848e-28

0.00011331862580923266: 1.4606125402786507e-27, significance 0.01743731106340078 sigma
Background level: 1.435796319394734e-27

0.00011780649217791514: 1.5269521058583276e-27, significance 0.10885002649744246 sigma
Background level: 1.3684189579538613e-27

0.00012566025832310947: 4.474981800614054e-27, significance 5.989040075694645 sigma
Background level: 6.921318613062068e-28

0.0001279041915074507: 2.2993614109392447e-27, significance 1.5310256250416365 sigma
Background level: 8.274724021821036e-28

0.00013463599106047444: 4.281078357929433e-28, significance -0.7032400386385395 sigma
Background level: 1.2142070280224587e-27

0.00014024582402132754: 1.4280494361933514e-27, significance 0.09373354027865326 sigma
Background level: 1.2959501856475698e-27

0.00014248975720566878: 1.9816307170369e-27, significance 0.7654222109551831 sigma
Background level: 1.1923323648469527e-27

0.0001492215567586925: 4.836289515985096e-27, significance 5.262575475689691 sigma
Background level: 9.09778938611307e-28

0.00015146548994303375: 2.2871205521439796e-27, significance 0.7620672999158479 sigma
Background level: 1.265784418029448e-27

0.00016044122268039872: 2.060320208459938e-27, significance 0.5984309242031354 sigma
Background level: 1.2883977983938733e-27

0.00016605105564125182: 4.158038444224955e-27, significance 5.2856604081803535 sigma
Background level: 8.125494576781577e-28

0.00016717302223342244: 9.056506755960036e-28, significance 0.06038136160154911 sigma
Background level: 8.507701471158262e-28

0.00017278285519427554: 1.4388644312013164e-27, significance 0.6253945283893056 sigma
Background level: 8.652262409938046e-28

0.00017839268815512865: 1.0605794891782346e-27, significance 0.3674280107026273 sigma
Background level: 7.372331401378991e-28

0.00018512448770815234: 1.614645768013326e-27, significance 2.613223389713528 sigma
Background level: 5.19255438766999e-28

0.00018736842089249359: 1.2516339480012375e-27, significance 0.5132154624474348 sigma
Background level: 8.227502606351669e-28

0.00019522218703768793: 4.98152244949432e-28, significance -0.44493447258103874 sigma
Background level: 8.862788341299431e-28

0.0001985880868141998: 3.02145071364021e-27, significance 3.7182728110192076 sigma
Background level: 5.746877245520662e-28

0.00020307595318288228: 2.206631969849552e-27, significance 1.4929454540989247 sigma
Background level: 8.362454724411728e-28

0.000209807752735906: 2.0200531205880035e-27, significance 1.1239603204657895 sigma
Background level: 9.736376435726222e-28

0.0002154175856967591: 1.7377904790631074e-27, significance 1.1775661227111212 sigma
Background level: 7.523984023487899e-28

0.00021766151888110035: 2.2739840072148313e-27, significance 3.5122992873078314 sigma
Background level: 4.864113799214613e-28

0.0002255152850262947: 6.549447092387878e-28, significance 0.28532187598370795 sigma
Background level: 4.917692962577286e-28

0.00022888118480280655: 5.807849687369307e-28, significance 0.11306078648485375 sigma
Background level: 5.199676770901048e-28

0.00023449101776365966: 1.009652343942148e-27, significance 3.9148598907925916 sigma
Background level: 2.699369012112285e-28

0.0002367349509480009: 4.899876566987598e-28, significance 0.41781279278877037 sigma
Background level: 3.612565649089164e-28

0.00024346675050102462: 4.771904408947999e-28, significance -0.12932065334010545 sigma
Background level: 5.513041593733181e-28

0.0002479546168697071: 1.0162733391815373e-27, significance 0.8745650193156828 sigma
Background level: 5.403586157182307e-28

0.0002558083830149014: 2.5666905303744147e-27, significance 5.749943491540152 sigma
Background level: 4.559232257653836e-28

0.0002591742827914133: 4.993967173763073e-28, significance -0.3261920488006333 sigma
Background level: 7.0504739853444495e-28

0.00026590608234443704: 1.836278351328404e-27, significance 2.047693119801087 sigma
Background level: 6.4567393606129935e-28

0.0002703939487131195: 6.377809918584835e-28, significance 0.03535089456501213 sigma
Background level: 6.171262303206698e-28

0.00027263788189746076: 9.10360193149864e-28, significance 0.7515477715504002 sigma
Background level: 5.522535557474384e-28

0.0002793696814504845: 8.52488314327581e-28, significance 0.7073358644017881 sigma
Background level: 5.104314717582349e-28

0.00028385754781916697: 1.4306510509010265e-27, significance 4.008362433886094 sigma
Background level: 3.2879110163664827e-28

0.00028946738078002005: 2.2583162046794476e-28, significance -0.5176944744349842 sigma
Background level: 4.568904788427513e-28

        FREQ        PERIOD         POWER       SIG    BACKGROUND
0   0.000022  44564.606780  1.037572e-26  5.250239  1.811402e-27
1   0.000088  11426.822251  6.506354e-27  9.653004  9.759225e-28
2   0.000108   9284.293079  5.492150e-27  6.996177  7.833302e-28
3   0.000126   7957.965496  4.474982e-27  5.989040  6.921319e-28
4   0.000149   6701.444629  4.836290e-27  5.262575  9.097789e-28
5   0.000166   6022.244159  4.158038e-27  5.285660  8.125495e-28
6   0.000199   5035.548789  3.021451e-27  3.718273  5.746877e-28
7   0.000218   4594.289359  2.273984e-27  3.512299  4.864114e-28
8   0.000234   4264.555673  1.009652e-27  3.914860  2.699369e-28
9   0.000256   3909.176033  2.566691e-27  5.749943  4.559232e-28
10  0.000284   3522.893817  1.430651e-27  4.008362  3.287911e-28
