psd.py log file for run_b

FFT analysis
dt = 1638.4046610169491
1/(2*dt) = 0.0003051749130704088
0.001221 Hz
0.003052 Hz
0.004883 Hz
0.010376 Hz
0.030518 Hz
0.050659 Hz
FFT analysis
dt = 1638.4046610169491
1/(2*dt) = 0.0003051749130704088
0.001221 Hz
0.003052 Hz
0.004883 Hz
0.010376 Hz
0.030518 Hz
0.050659 Hz
FFT analysis
dt = 1638.4046610169491
1/(2*dt) = 0.0003051749130704088
0.001221 Hz
0.003052 Hz
0.004883 Hz
0.010376 Hz
0.030518 Hz
0.050659 Hz
FFT analysis
dt = 1638.4046610169491
1/(2*dt) = 0.0003051749130704088
0.001221 Hz
0.003052 Hz
0.004883 Hz
0.010376 Hz
0.030518 Hz
0.050659 Hz
FFT analysis
dt = 1638.4046610169491
1/(2*dt) = 0.0003051749130704088
0.001221 Hz
0.003052 Hz
0.004883 Hz
0.010376 Hz
0.030518 Hz
0.050659 Hz
FFT analysis
dt = 1638.4046610169491
1/(2*dt) = 0.0003051749130704088
0.001221 Hz
0.003052 Hz
0.004883 Hz
0.010376 Hz
0.030518 Hz
0.050659 Hz
