DRS run_b

Channel y, 10.0 mHz
Bin width = 10, peak width = 5e-06, minimum significance = 3

FFT analysis
dt = 1638.4037558685445
1/(2*dt) = 0.00030517508166657116
2.957643963288355e-05: 3.230195690148146e-28, significance -0.24167519218272152 sigma
Background level: 8.509258585072105e-27

3.495397411158965e-05: 2.4034425734288124e-27, significance 3.9670047613862427 sigma
Background level: 5.432988854433117e-28

3.76427413509427e-05: 1.1796428759218416e-27, significance 0.9418231815232745 sigma
Background level: 6.001726615208183e-28

4.30202758296488e-05: 6.274786863022507e-28, significance -0.12027268517932196 sigma
Background level: 7.005840356020738e-28

5.1086577547707946e-05: 7.456657033815155e-28, significance 0.11856599193558981 sigma
Background level: 6.723294514509507e-28

5.646411202641405e-05: 1.6202506554525346e-29, significance -1.2169019824195997 sigma
Background level: 7.311336773357012e-28

6.184164650512014e-05: 7.732625993465951e-28, significance 0.36868760819908925 sigma
Background level: 5.665217997649895e-28

6.45304137444732e-05: 1.2353596164150266e-27, significance 2.3733445205582124 sigma
Background level: 4.471840064734502e-28

6.99079482231793e-05: 4.958988032638798e-28, significance -0.11102270475879983 sigma
Background level: 5.679389783273424e-28

7.259671546253235e-05: 1.0108232593729074e-27, significance 0.6463919011243223 sigma
Background level: 5.535813931203834e-28

7.797424994123845e-05: 5.4817550700503275e-28, significance -0.0683782831320004 sigma
Background level: 5.971110909437176e-28

8.335178441994455e-05: 6.652633882084335e-28, significance 0.13010916294836103 sigma
Background level: 5.721167801979132e-28

9.14180861380037e-05: 2.719505030360285e-28, significance -0.49342405373801324 sigma
Background level: 6.215606013273576e-28

9.410685337735675e-05: 2.9761264704721044e-27, significance 5.850404425180275 sigma
Background level: 4.252257144152235e-28

9.948438785606284e-05: 1.8662944013878533e-27, significance 2.2658147427325632 sigma
Background level: 4.545820305680223e-28

0.00010486192233476894: 3.2791512043873873e-29, significance -0.7544780339303445 sigma
Background level: 5.492889755778212e-28

0.00010755068957412199: 5.157213117284892e-28, significance 0.04298556372893763 sigma
Background level: 4.850851469469313e-28

0.00011561699129218115: 8.30084407344918e-28, significance 0.5309941808723074 sigma
Background level: 4.546434422112975e-28

0.0001183057585315342: 1.8264834627822947e-28, significance -0.455697665612265 sigma
Background level: 4.97537516441607e-28

0.00012368329301024029: 6.912823452640869e-28, significance 0.8592253450393279 sigma
Background level: 3.177095936573939e-28

0.00013174959472829945: 9.898745495522131e-28, significance 3.4263765138313795 sigma
Background level: 2.1962091464698807e-28

0.0001344383619676525: 1.7224202795707497e-28, significance -0.3846266595486926 sigma
Background level: 2.7073872732018584e-28

0.0001398158964463586: 4.909194217441268e-28, significance 0.8387610046647177 sigma
Background level: 2.658593721705819e-28

0.00014250466368571164: 2.173976890190574e-28, significance -0.2518731734344549 sigma
Background level: 2.8449598112829457e-28

0.00014788219816441774: 1.5984403889879815e-28, significance -0.4509405211771695 sigma
Background level: 2.88656820530087e-28

0.0001559484998824769: 3.3251202227164985e-28, significance 0.27555938297166277 sigma
Background level: 2.576312426123556e-28

0.000161326034361183: 1.5593052323999959e-28, significance -0.46184257615600977 sigma
Background level: 2.7950387270865875e-28

0.0001667035688398891: 6.5251696300946155e-28, significance 2.0494506269116313 sigma
Background level: 2.4374281737996554e-28

0.00016939233607924213: 2.3348644909865705e-28, significance -0.055360642465729054 sigma
Background level: 2.4578108154072116e-28

0.00017476987055794826: 1.9472965329081502e-28, significance -0.15971939362082513 sigma
Background level: 2.320606284932989e-28

0.0001774586377973013: 8.87084031822009e-28, significance 3.7452055923959957 sigma
Background level: 2.0246054946638132e-28

0.0001828361722760074: 2.950330124138488e-28, significance 0.10196912646289308 sigma
Background level: 2.7032592446812543e-28

0.00019090247399406655: 5.192745924702041e-28, significance 0.9541834879116309 sigma
Background level: 2.7352272704834975e-28

0.0001935912412334196: 5.275393228342879e-28, significance 0.9349824525332665 sigma
Background level: 2.9636698002304066e-28

0.00020165754295147875: 5.524747633666106e-29, significance -0.9474819574443035 sigma
Background level: 2.8620085659453797e-28

0.00020434631019083179: 1.5281310221767172e-28, significance -0.4338822840794499 sigma
Background level: 2.650636486427006e-28

0.00020972384466953788: 2.9858470131349528e-28, significance 0.38190953826290297 sigma
Background level: 2.1425507648141056e-28

0.00021241261190889095: 6.10446600733006e-28, significance 2.005727850788623 sigma
Background level: 1.9012180713857749e-28

0.00021779014638759704: 7.45680569295675e-28, significance 3.301367079354263 sigma
Background level: 1.7263559363733407e-28

0.0002258564481056562: 1.2557130113673083e-28, significance -0.24691361318980823 sigma
Background level: 1.7214445581527527e-28

0.00022854521534500924: 8.148186965731865e-29, significance -0.6005184626887415 sigma
Background level: 1.914263711324009e-28

0.0002366115170630684: 2.7191212388253247e-29, significance -0.8769121314680143 sigma
Background level: 1.9026638537554602e-28

0.00023930028430242144: 3.366846755429217e-28, significance 0.9332305158783419 sigma
Background level: 1.634116685023196e-28

0.00024467781878112754: 2.692622329179564e-28, significance 0.8032230962170177 sigma
Background level: 1.4047057555424032e-28

0.00025005535325983366: 1.052912264191603e-28, significance -0.022578463129581512 sigma
Background level: 1.076427374579277e-28

0.00025543288773853973: 2.6722048955390897e-28, significance 1.3762497093782675 sigma
Background level: 1.1300259693201507e-28

0.0002581216549778928: 5.810684564227955e-29, significance -0.6708480447414532 sigma
Background level: 1.4296605474882328e-28

0.00026618795669595193: 8.149085169985875e-29, significance -0.46568905678008754 sigma
Background level: 1.4137736462648343e-28

0.00027156549117465805: 8.232748528631048e-29, significance -0.3930212499179645 sigma
Background level: 1.2906811144233703e-28

0.0002742542584140111: 1.384529243773774e-28, significance 0.1992221845419947 sigma
Background level: 1.1570733947969354e-28

       FREQ    PERIOD         POWER       SIG    BACKGROUND
0  0.000035  0.331123  2.403443e-27  3.967005  5.432989e-28
1  0.000094  0.122989  2.976126e-27  5.850404  4.252257e-28
2  0.000132  0.087849  9.898745e-28  3.426377  2.196209e-28
3  0.000177  0.065221  8.870840e-28  3.745206  2.024605e-28
4  0.000218  0.053143  7.456806e-28  3.301367  1.726356e-28
