psd.py log file for run_b

FFT analysis
dt = 1638.4037558685445
1/(2*dt) = 0.00030517508166657116
0.00122 Hz
0.00305 Hz
0.00488 Hz
0.00977 Hz
0.02991 Hz
0.05005 Hz
FFT analysis
dt = 1638.4037558685445
1/(2*dt) = 0.00030517508166657116
0.00122 Hz
0.00305 Hz
0.00488 Hz
0.00977 Hz
0.02991 Hz
0.05005 Hz
FFT analysis
dt = 1638.4037558685445
1/(2*dt) = 0.00030517508166657116
0.00122 Hz
0.00305 Hz
0.00488 Hz
0.00977 Hz
0.02991 Hz
0.05005 Hz
FFT analysis
dt = 1638.4037558685445
1/(2*dt) = 0.00030517508166657116
0.00122 Hz
0.00305 Hz
0.00488 Hz
0.00977 Hz
0.02991 Hz
0.05005 Hz
FFT analysis
dt = 1638.4037558685445
1/(2*dt) = 0.00030517508166657116
0.00122 Hz
0.00305 Hz
0.00488 Hz
0.00977 Hz
0.02991 Hz
0.05005 Hz
FFT analysis
dt = 1638.4037558685445
1/(2*dt) = 0.00030517508166657116
0.00122 Hz
0.00305 Hz
0.00488 Hz
0.00977 Hz
0.02991 Hz
0.05005 Hz
