fft.log file for drs run_b

Channel x

1.22 mHz
dt = 1638.4037558685445
1/df = 2.68876723935305e-06
f_max = 0.00030383069804689464
1/(2*dt) = 0.00030517508166657116

3.05 mHz
dt = 1638.4037558685445
1/df = 2.68876723935305e-06
f_max = 0.00030383069804689464
1/(2*dt) = 0.00030517508166657116

4.88 mHz
dt = 1638.4037558685445
1/df = 2.68876723935305e-06
f_max = 0.00030383069804689464
1/(2*dt) = 0.00030517508166657116

9.77 mHz
dt = 1638.4037558685445
1/df = 2.68876723935305e-06
f_max = 0.00030383069804689464
1/(2*dt) = 0.00030517508166657116

29.9 mHz
dt = 1638.4037558685445
1/df = 2.68876723935305e-06
f_max = 0.00030383069804689464
1/(2*dt) = 0.00030517508166657116

50.0 mHz
dt = 1638.4037558685445
1/df = 2.68876723935305e-06
f_max = 0.00030383069804689464
1/(2*dt) = 0.00030517508166657116

Channel y

1.22 mHz
dt = 1638.4037558685445
1/df = 2.68876723935305e-06
f_max = 0.00030383069804689464
1/(2*dt) = 0.00030517508166657116

3.05 mHz
dt = 1638.4037558685445
1/df = 2.68876723935305e-06
f_max = 0.00030383069804689464
1/(2*dt) = 0.00030517508166657116

4.88 mHz
dt = 1638.4037558685445
1/df = 2.68876723935305e-06
f_max = 0.00030383069804689464
1/(2*dt) = 0.00030517508166657116

9.77 mHz
dt = 1638.4037558685445
1/df = 2.68876723935305e-06
f_max = 0.00030383069804689464
1/(2*dt) = 0.00030517508166657116

29.9 mHz
dt = 1638.4037558685445
1/df = 2.68876723935305e-06
f_max = 0.00030383069804689464
1/(2*dt) = 0.00030517508166657116

50.0 mHz
dt = 1638.4037558685445
1/df = 2.68876723935305e-06
f_max = 0.00030383069804689464
1/(2*dt) = 0.00030517508166657116

Channel z

1.22 mHz
dt = 1638.4037558685445
1/df = 2.68876723935305e-06
f_max = 0.00030383069804689464
1/(2*dt) = 0.00030517508166657116

3.05 mHz
dt = 1638.4037558685445
1/df = 2.68876723935305e-06
f_max = 0.00030383069804689464
1/(2*dt) = 0.00030517508166657116

4.88 mHz
dt = 1638.4037558685445
1/df = 2.68876723935305e-06
f_max = 0.00030383069804689464
1/(2*dt) = 0.00030517508166657116

9.77 mHz
dt = 1638.4037558685445
1/df = 2.68876723935305e-06
f_max = 0.00030383069804689464
1/(2*dt) = 0.00030517508166657116

29.9 mHz
dt = 1638.4037558685445
1/df = 2.68876723935305e-06
f_max = 0.00030383069804689464
1/(2*dt) = 0.00030517508166657116

50.0 mHz
dt = 1638.4037558685445
1/df = 2.68876723935305e-06
f_max = 0.00030383069804689464
1/(2*dt) = 0.00030517508166657116

Channel θ

1.22 mHz
dt = 1638.4037558685445
1/df = 2.68876723935305e-06
f_max = 0.00030383069804689464
1/(2*dt) = 0.00030517508166657116

3.05 mHz
dt = 1638.4037558685445
1/df = 2.68876723935305e-06
f_max = 0.00030383069804689464
1/(2*dt) = 0.00030517508166657116

4.88 mHz
dt = 1638.4037558685445
1/df = 2.68876723935305e-06
f_max = 0.00030383069804689464
1/(2*dt) = 0.00030517508166657116

9.77 mHz
dt = 1638.4037558685445
1/df = 2.68876723935305e-06
f_max = 0.00030383069804689464
1/(2*dt) = 0.00030517508166657116

29.9 mHz
dt = 1638.4037558685445
1/df = 2.68876723935305e-06
f_max = 0.00030383069804689464
1/(2*dt) = 0.00030517508166657116

50.0 mHz
dt = 1638.4037558685445
1/df = 2.68876723935305e-06
f_max = 0.00030383069804689464
1/(2*dt) = 0.00030517508166657116

Channel η

1.22 mHz
dt = 1638.4037558685445
1/df = 2.68876723935305e-06
f_max = 0.00030383069804689464
1/(2*dt) = 0.00030517508166657116

3.05 mHz
dt = 1638.4037558685445
1/df = 2.68876723935305e-06
f_max = 0.00030383069804689464
1/(2*dt) = 0.00030517508166657116

4.88 mHz
dt = 1638.4037558685445
1/df = 2.68876723935305e-06
f_max = 0.00030383069804689464
1/(2*dt) = 0.00030517508166657116

9.77 mHz
dt = 1638.4037558685445
1/df = 2.68876723935305e-06
f_max = 0.00030383069804689464
1/(2*dt) = 0.00030517508166657116

29.9 mHz
dt = 1638.4037558685445
1/df = 2.68876723935305e-06
f_max = 0.00030383069804689464
1/(2*dt) = 0.00030517508166657116

50.0 mHz
dt = 1638.4037558685445
1/df = 2.68876723935305e-06
f_max = 0.00030383069804689464
1/(2*dt) = 0.00030517508166657116

Channel ϕ

1.22 mHz
dt = 1638.4037558685445
1/df = 2.68876723935305e-06
f_max = 0.00030383069804689464
1/(2*dt) = 0.00030517508166657116

3.05 mHz
dt = 1638.4037558685445
1/df = 2.68876723935305e-06
f_max = 0.00030383069804689464
1/(2*dt) = 0.00030517508166657116

4.88 mHz
dt = 1638.4037558685445
1/df = 2.68876723935305e-06
f_max = 0.00030383069804689464
1/(2*dt) = 0.00030517508166657116

9.77 mHz
dt = 1638.4037558685445
1/df = 2.68876723935305e-06
f_max = 0.00030383069804689464
1/(2*dt) = 0.00030517508166657116

29.9 mHz
dt = 1638.4037558685445
1/df = 2.68876723935305e-06
f_max = 0.00030383069804689464
1/(2*dt) = 0.00030517508166657116

50.0 mHz
dt = 1638.4037558685445
1/df = 2.68876723935305e-06
f_max = 0.00030383069804689464
1/(2*dt) = 0.00030517508166657116
