fft.log file for drs run_k

Channel x

1.22 mHz
dt = 1638.4
1/df = 4.521122685185185e-06
f_max = 0.0003029152199074074
1/(2*dt) = 0.00030517578125

3.05 mHz
dt = 1638.4
1/df = 4.521122685185185e-06
f_max = 0.0003029152199074074
1/(2*dt) = 0.00030517578125

4.88 mHz
dt = 1638.4
1/df = 4.521122685185185e-06
f_max = 0.0003029152199074074
1/(2*dt) = 0.00030517578125

9.77 mHz
dt = 1638.4
1/df = 4.521122685185185e-06
f_max = 0.0003029152199074074
1/(2*dt) = 0.00030517578125

29.9 mHz
dt = 1638.4
1/df = 4.521122685185185e-06
f_max = 0.0003029152199074074
1/(2*dt) = 0.00030517578125

50.0 mHz
dt = 1638.4
1/df = 4.521122685185185e-06
f_max = 0.0003029152199074074
1/(2*dt) = 0.00030517578125

Channel y

1.22 mHz
dt = 1638.4
1/df = 4.521122685185185e-06
f_max = 0.0003029152199074074
1/(2*dt) = 0.00030517578125

3.05 mHz
dt = 1638.4
1/df = 4.521122685185185e-06
f_max = 0.0003029152199074074
1/(2*dt) = 0.00030517578125

4.88 mHz
dt = 1638.4
1/df = 4.521122685185185e-06
f_max = 0.0003029152199074074
1/(2*dt) = 0.00030517578125

9.77 mHz
dt = 1638.4
1/df = 4.521122685185185e-06
f_max = 0.0003029152199074074
1/(2*dt) = 0.00030517578125

29.9 mHz
dt = 1638.4
1/df = 4.521122685185185e-06
f_max = 0.0003029152199074074
1/(2*dt) = 0.00030517578125

50.0 mHz
dt = 1638.4
1/df = 4.521122685185185e-06
f_max = 0.0003029152199074074
1/(2*dt) = 0.00030517578125

Channel z

1.22 mHz
dt = 1638.4
1/df = 4.521122685185185e-06
f_max = 0.0003029152199074074
1/(2*dt) = 0.00030517578125

3.05 mHz
dt = 1638.4
1/df = 4.521122685185185e-06
f_max = 0.0003029152199074074
1/(2*dt) = 0.00030517578125

4.88 mHz
dt = 1638.4
1/df = 4.521122685185185e-06
f_max = 0.0003029152199074074
1/(2*dt) = 0.00030517578125

9.77 mHz
dt = 1638.4
1/df = 4.521122685185185e-06
f_max = 0.0003029152199074074
1/(2*dt) = 0.00030517578125

29.9 mHz
dt = 1638.4
1/df = 4.521122685185185e-06
f_max = 0.0003029152199074074
1/(2*dt) = 0.00030517578125

50.0 mHz
dt = 1638.4
1/df = 4.521122685185185e-06
f_max = 0.0003029152199074074
1/(2*dt) = 0.00030517578125

Channel θ

1.22 mHz
dt = 1638.4
1/df = 4.521122685185185e-06
f_max = 0.0003029152199074074
1/(2*dt) = 0.00030517578125

3.05 mHz
dt = 1638.4
1/df = 4.521122685185185e-06
f_max = 0.0003029152199074074
1/(2*dt) = 0.00030517578125

4.88 mHz
dt = 1638.4
1/df = 4.521122685185185e-06
f_max = 0.0003029152199074074
1/(2*dt) = 0.00030517578125

9.77 mHz
dt = 1638.4
1/df = 4.521122685185185e-06
f_max = 0.0003029152199074074
1/(2*dt) = 0.00030517578125

29.9 mHz
dt = 1638.4
1/df = 4.521122685185185e-06
f_max = 0.0003029152199074074
1/(2*dt) = 0.00030517578125

50.0 mHz
dt = 1638.4
1/df = 4.521122685185185e-06
f_max = 0.0003029152199074074
1/(2*dt) = 0.00030517578125

Channel η

1.22 mHz
dt = 1638.4
1/df = 4.521122685185185e-06
f_max = 0.0003029152199074074
1/(2*dt) = 0.00030517578125

3.05 mHz
dt = 1638.4
1/df = 4.521122685185185e-06
f_max = 0.0003029152199074074
1/(2*dt) = 0.00030517578125

4.88 mHz
dt = 1638.4
1/df = 4.521122685185185e-06
f_max = 0.0003029152199074074
1/(2*dt) = 0.00030517578125

9.77 mHz
dt = 1638.4
1/df = 4.521122685185185e-06
f_max = 0.0003029152199074074
1/(2*dt) = 0.00030517578125

29.9 mHz
dt = 1638.4
1/df = 4.521122685185185e-06
f_max = 0.0003029152199074074
1/(2*dt) = 0.00030517578125

50.0 mHz
dt = 1638.4
1/df = 4.521122685185185e-06
f_max = 0.0003029152199074074
1/(2*dt) = 0.00030517578125

Channel ϕ

1.22 mHz
dt = 1638.4
1/df = 4.521122685185185e-06
f_max = 0.0003029152199074074
1/(2*dt) = 0.00030517578125

3.05 mHz
dt = 1638.4
1/df = 4.521122685185185e-06
f_max = 0.0003029152199074074
1/(2*dt) = 0.00030517578125

4.88 mHz
dt = 1638.4
1/df = 4.521122685185185e-06
f_max = 0.0003029152199074074
1/(2*dt) = 0.00030517578125

9.77 mHz
dt = 1638.4
1/df = 4.521122685185185e-06
f_max = 0.0003029152199074074
1/(2*dt) = 0.00030517578125

29.9 mHz
dt = 1638.4
1/df = 4.521122685185185e-06
f_max = 0.0003029152199074074
1/(2*dt) = 0.00030517578125

50.0 mHz
dt = 1638.4
1/df = 4.521122685185185e-06
f_max = 0.0003029152199074074
1/(2*dt) = 0.00030517578125
